  bounceBall.cpp
C:\Users\qkrwk\Desktop\opengl\기말텀프\source\comgFun3.h(2,1): warning C4005: 'MAX_LIST_SIZE': 매크로 재정의
C:\Users\qkrwk\Desktop\opengl\기말텀프\source\comgFun.h(2): message : 'MAX_LIST_SIZE'의 이전 정의를 참조하십시오.
C:\Users\qkrwk\Desktop\opengl\기말텀프\source\comgFun2.h(260,102): warning C4244: '인수': 'int'에서 'float'(으)로 변환하면서 데이터가 손실될 수 있습니다.
C:\Users\qkrwk\Desktop\opengl\기말텀프\source\comgFun2.h(260,15): warning C4244: 'return': 'double'에서 'float'(으)로 변환하면서 데이터가 손실될 수 있습니다.
C:\Users\qkrwk\Desktop\opengl\기말텀프\source\comgFun2.h(270,174): warning C4244: '인수': 'int'에서 'float'(으)로 변환하면서 데이터가 손실될 수 있습니다.
C:\Users\qkrwk\Desktop\opengl\기말텀프\source\comgFun2.h(270,15): warning C4244: 'return': 'double'에서 'float'(으)로 변환하면서 데이터가 손실될 수 있습니다.
C:\Users\qkrwk\Desktop\opengl\기말텀프\source\comgFun2.h(355,102): warning C4244: '인수': 'int'에서 'float'(으)로 변환하면서 데이터가 손실될 수 있습니다.
C:\Users\qkrwk\Desktop\opengl\기말텀프\source\comgFun2.h(355,15): warning C4244: 'return': 'double'에서 'float'(으)로 변환하면서 데이터가 손실될 수 있습니다.
C:\Users\qkrwk\Desktop\opengl\기말텀프\source\comgFun2.h(365,174): warning C4244: '인수': 'int'에서 'float'(으)로 변환하면서 데이터가 손실될 수 있습니다.
C:\Users\qkrwk\Desktop\opengl\기말텀프\source\comgFun2.h(365,15): warning C4244: 'return': 'double'에서 'float'(으)로 변환하면서 데이터가 손실될 수 있습니다.
C:\Users\qkrwk\Desktop\opengl\기말텀프\source\ProjectLibrary.h(791,57): warning C4244: 'return': 'GLdouble'에서 'int'(으)로 변환하면서 데이터가 손실될 수 있습니다.
C:\Users\qkrwk\Desktop\opengl\기말텀프\source\ProjectLibrary.h(798,67): warning C4244: '인수': 'GLdouble'에서 'float'(으)로 변환하면서 데이터가 손실될 수 있습니다.
C:\Users\qkrwk\Desktop\opengl\기말텀프\source\ProjectLibrary.h(809,103): warning C4244: '인수': 'GLdouble'에서 'float'(으)로 변환하면서 데이터가 손실될 수 있습니다.
C:\Users\qkrwk\Desktop\opengl\기말텀프\source\ProjectLibrary.h(3684,13): warning C4305: '초기화 중': 'double'에서 'float'(으)로 잘립니다.
C:\Users\qkrwk\Desktop\opengl\기말텀프\source\bounceBall.cpp(16,49): warning C4305: '초기화 중': 'double'에서 'GLfloat'(으)로 잘립니다.
C:\Users\qkrwk\Desktop\opengl\기말텀프\source\bounceBall.cpp(19,45): warning C4305: '초기화 중': 'double'에서 'GLfloat'(으)로 잘립니다.
C:\Users\qkrwk\Desktop\opengl\기말텀프\source\bounceBall.cpp(337,44): warning C4244: '-=': 'double'에서 'GLfloat'(으)로 변환하면서 데이터가 손실될 수 있습니다.
C:\Users\qkrwk\Desktop\opengl\기말텀프\source\bounceBall.cpp(342,44): warning C4244: '-=': 'double'에서 'GLfloat'(으)로 변환하면서 데이터가 손실될 수 있습니다.
C:\Users\qkrwk\Desktop\opengl\기말텀프\source\bounceBall.cpp(347,44): warning C4244: '-=': 'double'에서 'GLfloat'(으)로 변환하면서 데이터가 손실될 수 있습니다.
C:\Users\qkrwk\Desktop\opengl\기말텀프\source\bounceBall.cpp(401,49): warning C4244: '=': 'GLdouble'에서 'GLfloat'(으)로 변환하면서 데이터가 손실될 수 있습니다.
C:\Users\qkrwk\Desktop\opengl\기말텀프\source\bounceBall.cpp(402,52): warning C4244: '=': 'GLdouble'에서 'GLfloat'(으)로 변환하면서 데이터가 손실될 수 있습니다.
C:\Users\qkrwk\Desktop\opengl\기말텀프\source\bounceBall.cpp(403,49): warning C4244: '=': 'GLdouble'에서 'GLfloat'(으)로 변환하면서 데이터가 손실될 수 있습니다.
C:\Users\qkrwk\Desktop\opengl\기말텀프\source\bounceBall.cpp(1382,44): warning C4244: '-=': 'double'에서 'GLfloat'(으)로 변환하면서 데이터가 손실될 수 있습니다.
C:\Users\qkrwk\Desktop\opengl\기말텀프\source\bounceBall.cpp(1387,44): warning C4244: '-=': 'double'에서 'GLfloat'(으)로 변환하면서 데이터가 손실될 수 있습니다.
C:\Users\qkrwk\Desktop\opengl\기말텀프\source\bounceBall.cpp(1392,44): warning C4244: '-=': 'double'에서 'GLfloat'(으)로 변환하면서 데이터가 손실될 수 있습니다.
C:\Users\qkrwk\Desktop\opengl\기말텀프\source\bounceBall.cpp(1811,20): warning C4018: '<': signed 또는 unsigned가 일치하지 않습니다.
C:\Users\qkrwk\Desktop\opengl\기말텀프\source\bounceBall.cpp(1826,20): warning C4018: '<': signed 또는 unsigned가 일치하지 않습니다.
C:\Users\qkrwk\Desktop\opengl\기말텀프\source\bounceBall.cpp(1841,20): warning C4018: '<': signed 또는 unsigned가 일치하지 않습니다.
C:\Users\qkrwk\Desktop\opengl\기말텀프\source\bounceBall.cpp(1858,20): warning C4018: '<': signed 또는 unsigned가 일치하지 않습니다.
C:\Users\qkrwk\Desktop\opengl\기말텀프\source\bounceBall.cpp(1886,199): warning C4244: '인수': 'double'에서 'const GLfloat'(으)로 변환하면서 데이터가 손실될 수 있습니다.
C:\Users\qkrwk\Desktop\opengl\기말텀프\source\bounceBall.cpp(1890,202): warning C4244: '인수': 'double'에서 'const GLfloat'(으)로 변환하면서 데이터가 손실될 수 있습니다.
C:\Users\qkrwk\Desktop\opengl\기말텀프\source\bounceBall.cpp(1943,20): warning C4018: '<=': signed 또는 unsigned가 일치하지 않습니다.
C:\Users\qkrwk\Desktop\opengl\기말텀프\source\bounceBall.cpp(1956,20): warning C4018: '<=': signed 또는 unsigned가 일치하지 않습니다.
C:\Users\qkrwk\Desktop\opengl\기말텀프\source\bounceBall.cpp(2198,9): warning C4018: '<': signed 또는 unsigned가 일치하지 않습니다.
  ProjectLibrary.cpp
C:\Users\qkrwk\Desktop\opengl\기말텀프\source\comgFun3.h(2,1): warning C4005: 'MAX_LIST_SIZE': 매크로 재정의
C:\Users\qkrwk\Desktop\opengl\기말텀프\source\comgFun.h(2): message : 'MAX_LIST_SIZE'의 이전 정의를 참조하십시오.
C:\Users\qkrwk\Desktop\opengl\기말텀프\source\comgFun2.h(260,102): warning C4244: '인수': 'int'에서 'float'(으)로 변환하면서 데이터가 손실될 수 있습니다.
C:\Users\qkrwk\Desktop\opengl\기말텀프\source\comgFun2.h(260,15): warning C4244: 'return': 'double'에서 'float'(으)로 변환하면서 데이터가 손실될 수 있습니다.
C:\Users\qkrwk\Desktop\opengl\기말텀프\source\comgFun2.h(270,174): warning C4244: '인수': 'int'에서 'float'(으)로 변환하면서 데이터가 손실될 수 있습니다.
C:\Users\qkrwk\Desktop\opengl\기말텀프\source\comgFun2.h(270,15): warning C4244: 'return': 'double'에서 'float'(으)로 변환하면서 데이터가 손실될 수 있습니다.
C:\Users\qkrwk\Desktop\opengl\기말텀프\source\comgFun2.h(355,102): warning C4244: '인수': 'int'에서 'float'(으)로 변환하면서 데이터가 손실될 수 있습니다.
C:\Users\qkrwk\Desktop\opengl\기말텀프\source\comgFun2.h(355,15): warning C4244: 'return': 'double'에서 'float'(으)로 변환하면서 데이터가 손실될 수 있습니다.
C:\Users\qkrwk\Desktop\opengl\기말텀프\source\comgFun2.h(365,174): warning C4244: '인수': 'int'에서 'float'(으)로 변환하면서 데이터가 손실될 수 있습니다.
C:\Users\qkrwk\Desktop\opengl\기말텀프\source\comgFun2.h(365,15): warning C4244: 'return': 'double'에서 'float'(으)로 변환하면서 데이터가 손실될 수 있습니다.
C:\Users\qkrwk\Desktop\opengl\기말텀프\source\ProjectLibrary.h(791,57): warning C4244: 'return': 'GLdouble'에서 'int'(으)로 변환하면서 데이터가 손실될 수 있습니다.
C:\Users\qkrwk\Desktop\opengl\기말텀프\source\ProjectLibrary.h(798,67): warning C4244: '인수': 'GLdouble'에서 'float'(으)로 변환하면서 데이터가 손실될 수 있습니다.
C:\Users\qkrwk\Desktop\opengl\기말텀프\source\ProjectLibrary.h(809,103): warning C4244: '인수': 'GLdouble'에서 'float'(으)로 변환하면서 데이터가 손실될 수 있습니다.
C:\Users\qkrwk\Desktop\opengl\기말텀프\source\ProjectLibrary.h(3684,13): warning C4305: '초기화 중': 'double'에서 'float'(으)로 잘립니다.
C:\Users\qkrwk\Desktop\opengl\기말텀프\source\ProjectLibrary.cpp(283,28): warning C4244: '인수': 'double'에서 'GLint'(으)로 변환하면서 데이터가 손실될 수 있습니다.
C:\Users\qkrwk\Desktop\opengl\기말텀프\source\ProjectLibrary.cpp(283,22): warning C4244: '인수': 'double'에서 'GLint'(으)로 변환하면서 데이터가 손실될 수 있습니다.
C:\Users\qkrwk\Desktop\opengl\기말텀프\source\ProjectLibrary.cpp(324,77): warning C4244: '인수': 'GLdouble'에서 'GLfloat'(으)로 변환하면서 데이터가 손실될 수 있습니다.
C:\Users\qkrwk\Desktop\opengl\기말텀프\source\ProjectLibrary.cpp(324,60): warning C4244: '인수': 'GLdouble'에서 'GLfloat'(으)로 변환하면서 데이터가 손실될 수 있습니다.
C:\Users\qkrwk\Desktop\opengl\기말텀프\source\ProjectLibrary.cpp(324,43): warning C4244: '인수': 'GLdouble'에서 'GLfloat'(으)로 변환하면서 데이터가 손실될 수 있습니다.
C:\Users\qkrwk\Desktop\opengl\기말텀프\source\ProjectLibrary.cpp(324,26): warning C4244: '인수': 'GLdouble'에서 'GLfloat'(으)로 변환하면서 데이터가 손실될 수 있습니다.
C:\Users\qkrwk\Desktop\opengl\기말텀프\source\ProjectLibrary.cpp(335,77): warning C4244: '인수': 'GLdouble'에서 'GLfloat'(으)로 변환하면서 데이터가 손실될 수 있습니다.
C:\Users\qkrwk\Desktop\opengl\기말텀프\source\ProjectLibrary.cpp(335,60): warning C4244: '인수': 'GLdouble'에서 'GLfloat'(으)로 변환하면서 데이터가 손실될 수 있습니다.
C:\Users\qkrwk\Desktop\opengl\기말텀프\source\ProjectLibrary.cpp(335,43): warning C4244: '인수': 'GLdouble'에서 'GLfloat'(으)로 변환하면서 데이터가 손실될 수 있습니다.
C:\Users\qkrwk\Desktop\opengl\기말텀프\source\ProjectLibrary.cpp(335,26): warning C4244: '인수': 'GLdouble'에서 'GLfloat'(으)로 변환하면서 데이터가 손실될 수 있습니다.
C:\Users\qkrwk\Desktop\opengl\기말텀프\source\ProjectLibrary.cpp(347,77): warning C4244: '인수': 'GLdouble'에서 'GLfloat'(으)로 변환하면서 데이터가 손실될 수 있습니다.
C:\Users\qkrwk\Desktop\opengl\기말텀프\source\ProjectLibrary.cpp(347,60): warning C4244: '인수': 'GLdouble'에서 'GLfloat'(으)로 변환하면서 데이터가 손실될 수 있습니다.
C:\Users\qkrwk\Desktop\opengl\기말텀프\source\ProjectLibrary.cpp(347,43): warning C4244: '인수': 'GLdouble'에서 'GLfloat'(으)로 변환하면서 데이터가 손실될 수 있습니다.
C:\Users\qkrwk\Desktop\opengl\기말텀프\source\ProjectLibrary.cpp(347,26): warning C4244: '인수': 'GLdouble'에서 'GLfloat'(으)로 변환하면서 데이터가 손실될 수 있습니다.
C:\Users\qkrwk\Desktop\opengl\기말텀프\source\ProjectLibrary.cpp(356,77): warning C4244: '인수': 'GLdouble'에서 'GLfloat'(으)로 변환하면서 데이터가 손실될 수 있습니다.
C:\Users\qkrwk\Desktop\opengl\기말텀프\source\ProjectLibrary.cpp(356,60): warning C4244: '인수': 'GLdouble'에서 'GLfloat'(으)로 변환하면서 데이터가 손실될 수 있습니다.
C:\Users\qkrwk\Desktop\opengl\기말텀프\source\ProjectLibrary.cpp(356,43): warning C4244: '인수': 'GLdouble'에서 'GLfloat'(으)로 변환하면서 데이터가 손실될 수 있습니다.
C:\Users\qkrwk\Desktop\opengl\기말텀프\source\ProjectLibrary.cpp(356,26): warning C4244: '인수': 'GLdouble'에서 'GLfloat'(으)로 변환하면서 데이터가 손실될 수 있습니다.
C:\Users\qkrwk\Desktop\opengl\기말텀프\source\ProjectLibrary.cpp(395,50): warning C4305: '초기화 중': 'double'에서 'GLfloat'(으)로 잘립니다.
C:\Users\qkrwk\Desktop\opengl\기말텀프\source\ProjectLibrary.cpp(539,50): warning C4305: '초기화 중': 'double'에서 'GLfloat'(으)로 잘립니다.
C:\Users\qkrwk\Desktop\opengl\기말텀프\source\ProjectLibrary.cpp(686,33): warning C4305: '인수': 'double'에서 'GLfloat'(으)로 잘립니다.
C:\Users\qkrwk\Desktop\opengl\기말텀프\source\ProjectLibrary.cpp(772,3): warning C4305: '초기화 중': 'double'에서 'const GLfloat'(으)로 잘립니다.
C:\Users\qkrwk\Desktop\opengl\기말텀프\source\ProjectLibrary.cpp(814,63): warning C4244: '인수': 'GLdouble'에서 'GLfloat'(으)로 변환하면서 데이터가 손실될 수 있습니다.
C:\Users\qkrwk\Desktop\opengl\기말텀프\source\ProjectLibrary.cpp(814,46): warning C4244: '인수': 'GLdouble'에서 'GLfloat'(으)로 변환하면서 데이터가 손실될 수 있습니다.
C:\Users\qkrwk\Desktop\opengl\기말텀프\source\ProjectLibrary.cpp(814,29): warning C4244: '인수': 'GLdouble'에서 'GLfloat'(으)로 변환하면서 데이터가 손실될 수 있습니다.
C:\Users\qkrwk\Desktop\opengl\기말텀프\source\ProjectLibrary.cpp(827,68): warning C4244: '인수': 'double'에서 'GLfloat'(으)로 변환하면서 데이터가 손실될 수 있습니다.
C:\Users\qkrwk\Desktop\opengl\기말텀프\source\ProjectLibrary.cpp(827,48): warning C4244: '인수': 'double'에서 'GLfloat'(으)로 변환하면서 데이터가 손실될 수 있습니다.
C:\Users\qkrwk\Desktop\opengl\기말텀프\source\ProjectLibrary.cpp(827,28): warning C4244: '인수': 'double'에서 'GLfloat'(으)로 변환하면서 데이터가 손실될 수 있습니다.
C:\Users\qkrwk\Desktop\opengl\기말텀프\source\ProjectLibrary.cpp(2140,181): warning C4244: '인수': 'double'에서 'GLfloat'(으)로 변환하면서 데이터가 손실될 수 있습니다.
C:\Users\qkrwk\Desktop\opengl\기말텀프\source\ProjectLibrary.cpp(2141,180): warning C4244: '인수': 'double'에서 'GLfloat'(으)로 변환하면서 데이터가 손실될 수 있습니다.
C:\Users\qkrwk\Desktop\opengl\기말텀프\source\ProjectLibrary.cpp(2232,180): warning C4244: '인수': 'double'에서 'GLfloat'(으)로 변환하면서 데이터가 손실될 수 있습니다.
C:\Users\qkrwk\Desktop\opengl\기말텀프\source\ProjectLibrary.cpp(2252,180): warning C4244: '인수': 'double'에서 'GLfloat'(으)로 변환하면서 데이터가 손실될 수 있습니다.
C:\Users\qkrwk\Desktop\opengl\기말텀프\source\ProjectLibrary.cpp(2279,58): warning C4305: '초기화 중': 'double'에서 'GLfloat'(으)로 잘립니다.
C:\Users\qkrwk\Desktop\opengl\기말텀프\source\ProjectLibrary.cpp(2282,54): warning C4305: '초기화 중': 'double'에서 'GLfloat'(으)로 잘립니다.
C:\Users\qkrwk\Desktop\opengl\기말텀프\source\ProjectLibrary.cpp(2300,51): warning C4305: '인수': 'double'에서 'GLfloat'(으)로 잘립니다.
C:\Users\qkrwk\Desktop\opengl\기말텀프\source\ProjectLibrary.cpp(2365,58): warning C4305: '초기화 중': 'double'에서 'GLfloat'(으)로 잘립니다.
C:\Users\qkrwk\Desktop\opengl\기말텀프\source\ProjectLibrary.cpp(2368,54): warning C4305: '초기화 중': 'double'에서 'GLfloat'(으)로 잘립니다.
C:\Users\qkrwk\Desktop\opengl\기말텀프\source\ProjectLibrary.cpp(2386,51): warning C4305: '인수': 'double'에서 'GLfloat'(으)로 잘립니다.
C:\Users\qkrwk\Desktop\opengl\기말텀프\source\ProjectLibrary.cpp(2441,61): warning C4244: '인수': 'GLdouble'에서 'GLfloat'(으)로 변환하면서 데이터가 손실될 수 있습니다.
C:\Users\qkrwk\Desktop\opengl\기말텀프\source\ProjectLibrary.cpp(2441,44): warning C4244: '인수': 'GLdouble'에서 'GLfloat'(으)로 변환하면서 데이터가 손실될 수 있습니다.
C:\Users\qkrwk\Desktop\opengl\기말텀프\source\ProjectLibrary.cpp(2441,27): warning C4244: '인수': 'GLdouble'에서 'GLfloat'(으)로 변환하면서 데이터가 손실될 수 있습니다.
C:\Users\qkrwk\Desktop\opengl\기말텀프\source\ProjectLibrary.cpp(2445,66): warning C4244: '인수': 'double'에서 'GLfloat'(으)로 변환하면서 데이터가 손실될 수 있습니다.
C:\Users\qkrwk\Desktop\opengl\기말텀프\source\ProjectLibrary.cpp(2445,46): warning C4244: '인수': 'double'에서 'GLfloat'(으)로 변환하면서 데이터가 손실될 수 있습니다.
C:\Users\qkrwk\Desktop\opengl\기말텀프\source\ProjectLibrary.cpp(2445,26): warning C4244: '인수': 'double'에서 'GLfloat'(으)로 변환하면서 데이터가 손실될 수 있습니다.
C:\Users\qkrwk\Desktop\opengl\기말텀프\source\ProjectLibrary.cpp(2460,61): warning C4244: '인수': 'GLdouble'에서 'GLfloat'(으)로 변환하면서 데이터가 손실될 수 있습니다.
C:\Users\qkrwk\Desktop\opengl\기말텀프\source\ProjectLibrary.cpp(2460,44): warning C4244: '인수': 'GLdouble'에서 'GLfloat'(으)로 변환하면서 데이터가 손실될 수 있습니다.
C:\Users\qkrwk\Desktop\opengl\기말텀프\source\ProjectLibrary.cpp(2460,27): warning C4244: '인수': 'GLdouble'에서 'GLfloat'(으)로 변환하면서 데이터가 손실될 수 있습니다.
C:\Users\qkrwk\Desktop\opengl\기말텀프\source\ProjectLibrary.cpp(2464,66): warning C4244: '인수': 'double'에서 'GLfloat'(으)로 변환하면서 데이터가 손실될 수 있습니다.
C:\Users\qkrwk\Desktop\opengl\기말텀프\source\ProjectLibrary.cpp(2464,46): warning C4244: '인수': 'double'에서 'GLfloat'(으)로 변환하면서 데이터가 손실될 수 있습니다.
C:\Users\qkrwk\Desktop\opengl\기말텀프\source\ProjectLibrary.cpp(2464,26): warning C4244: '인수': 'double'에서 'GLfloat'(으)로 변환하면서 데이터가 손실될 수 있습니다.
C:\Users\qkrwk\Desktop\opengl\기말텀프\source\ProjectLibrary.cpp(2718,64): warning C4244: '인수': 'GLdouble'에서 'GLfloat'(으)로 변환하면서 데이터가 손실될 수 있습니다.
C:\Users\qkrwk\Desktop\opengl\기말텀프\source\ProjectLibrary.cpp(2718,47): warning C4244: '인수': 'GLdouble'에서 'GLfloat'(으)로 변환하면서 데이터가 손실될 수 있습니다.
C:\Users\qkrwk\Desktop\opengl\기말텀프\source\ProjectLibrary.cpp(2718,30): warning C4244: '인수': 'GLdouble'에서 'GLfloat'(으)로 변환하면서 데이터가 손실될 수 있습니다.
C:\Users\qkrwk\Desktop\opengl\기말텀프\source\ProjectLibrary.cpp(2731,69): warning C4244: '인수': 'double'에서 'GLfloat'(으)로 변환하면서 데이터가 손실될 수 있습니다.
C:\Users\qkrwk\Desktop\opengl\기말텀프\source\ProjectLibrary.cpp(2731,49): warning C4244: '인수': 'double'에서 'GLfloat'(으)로 변환하면서 데이터가 손실될 수 있습니다.
C:\Users\qkrwk\Desktop\opengl\기말텀프\source\ProjectLibrary.cpp(2731,29): warning C4244: '인수': 'double'에서 'GLfloat'(으)로 변환하면서 데이터가 손실될 수 있습니다.
C:\Users\qkrwk\Desktop\opengl\기말텀프\source\ProjectLibrary.cpp(2753,26): warning C4305: '인수': 'double'에서 'GLfloat'(으)로 잘립니다.
C:\Users\qkrwk\Desktop\opengl\기말텀프\source\ProjectLibrary.cpp(2866,61): warning C4244: '인수': 'GLdouble'에서 'GLfloat'(으)로 변환하면서 데이터가 손실될 수 있습니다.
C:\Users\qkrwk\Desktop\opengl\기말텀프\source\ProjectLibrary.cpp(2866,44): warning C4244: '인수': 'GLdouble'에서 'GLfloat'(으)로 변환하면서 데이터가 손실될 수 있습니다.
C:\Users\qkrwk\Desktop\opengl\기말텀프\source\ProjectLibrary.cpp(2866,27): warning C4244: '인수': 'GLdouble'에서 'GLfloat'(으)로 변환하면서 데이터가 손실될 수 있습니다.
C:\Users\qkrwk\Desktop\opengl\기말텀프\source\ProjectLibrary.cpp(2870,66): warning C4244: '인수': 'double'에서 'GLfloat'(으)로 변환하면서 데이터가 손실될 수 있습니다.
C:\Users\qkrwk\Desktop\opengl\기말텀프\source\ProjectLibrary.cpp(2870,46): warning C4244: '인수': 'double'에서 'GLfloat'(으)로 변환하면서 데이터가 손실될 수 있습니다.
C:\Users\qkrwk\Desktop\opengl\기말텀프\source\ProjectLibrary.cpp(2870,26): warning C4244: '인수': 'double'에서 'GLfloat'(으)로 변환하면서 데이터가 손실될 수 있습니다.
C:\Users\qkrwk\Desktop\opengl\기말텀프\source\ProjectLibrary.cpp(2886,61): warning C4244: '인수': 'GLdouble'에서 'GLfloat'(으)로 변환하면서 데이터가 손실될 수 있습니다.
C:\Users\qkrwk\Desktop\opengl\기말텀프\source\ProjectLibrary.cpp(2886,44): warning C4244: '인수': 'GLdouble'에서 'GLfloat'(으)로 변환하면서 데이터가 손실될 수 있습니다.
C:\Users\qkrwk\Desktop\opengl\기말텀프\source\ProjectLibrary.cpp(2886,27): warning C4244: '인수': 'GLdouble'에서 'GLfloat'(으)로 변환하면서 데이터가 손실될 수 있습니다.
C:\Users\qkrwk\Desktop\opengl\기말텀프\source\ProjectLibrary.cpp(2890,66): warning C4244: '인수': 'double'에서 'GLfloat'(으)로 변환하면서 데이터가 손실될 수 있습니다.
C:\Users\qkrwk\Desktop\opengl\기말텀프\source\ProjectLibrary.cpp(2890,46): warning C4244: '인수': 'double'에서 'GLfloat'(으)로 변환하면서 데이터가 손실될 수 있습니다.
C:\Users\qkrwk\Desktop\opengl\기말텀프\source\ProjectLibrary.cpp(2890,26): warning C4244: '인수': 'double'에서 'GLfloat'(으)로 변환하면서 데이터가 손실될 수 있습니다.
C:\Users\qkrwk\Desktop\opengl\기말텀프\source\ProjectLibrary.cpp(2968,61): warning C4244: '인수': 'GLdouble'에서 'GLfloat'(으)로 변환하면서 데이터가 손실될 수 있습니다.
C:\Users\qkrwk\Desktop\opengl\기말텀프\source\ProjectLibrary.cpp(2968,44): warning C4244: '인수': 'GLdouble'에서 'GLfloat'(으)로 변환하면서 데이터가 손실될 수 있습니다.
C:\Users\qkrwk\Desktop\opengl\기말텀프\source\ProjectLibrary.cpp(2968,27): warning C4244: '인수': 'GLdouble'에서 'GLfloat'(으)로 변환하면서 데이터가 손실될 수 있습니다.
C:\Users\qkrwk\Desktop\opengl\기말텀프\source\ProjectLibrary.cpp(2972,66): warning C4244: '인수': 'double'에서 'GLfloat'(으)로 변환하면서 데이터가 손실될 수 있습니다.
C:\Users\qkrwk\Desktop\opengl\기말텀프\source\ProjectLibrary.cpp(2972,46): warning C4244: '인수': 'double'에서 'GLfloat'(으)로 변환하면서 데이터가 손실될 수 있습니다.
C:\Users\qkrwk\Desktop\opengl\기말텀프\source\ProjectLibrary.cpp(2972,26): warning C4244: '인수': 'double'에서 'GLfloat'(으)로 변환하면서 데이터가 손실될 수 있습니다.
C:\Users\qkrwk\Desktop\opengl\기말텀프\source\ProjectLibrary.cpp(3051,63): warning C4244: '인수': 'GLdouble'에서 'GLfloat'(으)로 변환하면서 데이터가 손실될 수 있습니다.
C:\Users\qkrwk\Desktop\opengl\기말텀프\source\ProjectLibrary.cpp(3051,46): warning C4244: '인수': 'GLdouble'에서 'GLfloat'(으)로 변환하면서 데이터가 손실될 수 있습니다.
C:\Users\qkrwk\Desktop\opengl\기말텀프\source\ProjectLibrary.cpp(3051,29): warning C4244: '인수': 'GLdouble'에서 'GLfloat'(으)로 변환하면서 데이터가 손실될 수 있습니다.
C:\Users\qkrwk\Desktop\opengl\기말텀프\source\ProjectLibrary.cpp(3064,68): warning C4244: '인수': 'double'에서 'GLfloat'(으)로 변환하면서 데이터가 손실될 수 있습니다.
C:\Users\qkrwk\Desktop\opengl\기말텀프\source\ProjectLibrary.cpp(3064,48): warning C4244: '인수': 'double'에서 'GLfloat'(으)로 변환하면서 데이터가 손실될 수 있습니다.
C:\Users\qkrwk\Desktop\opengl\기말텀프\source\ProjectLibrary.cpp(3064,28): warning C4244: '인수': 'double'에서 'GLfloat'(으)로 변환하면서 데이터가 손실될 수 있습니다.
C:\Users\qkrwk\Desktop\opengl\기말텀프\source\ProjectLibrary.cpp(4468,42): warning C4244: '=': 'double'에서 'GLfloat'(으)로 변환하면서 데이터가 손실될 수 있습니다.
C:\Users\qkrwk\Desktop\opengl\기말텀프\source\ProjectLibrary.cpp(4469,41): warning C4244: '=': 'double'에서 'GLfloat'(으)로 변환하면서 데이터가 손실될 수 있습니다.
C:\Users\qkrwk\Desktop\opengl\기말텀프\source\ProjectLibrary.cpp(4470,42): warning C4244: '=': 'double'에서 'GLfloat'(으)로 변환하면서 데이터가 손실될 수 있습니다.
C:\Users\qkrwk\Desktop\opengl\기말텀프\source\ProjectLibrary.cpp(4471,41): warning C4244: '=': 'double'에서 'GLfloat'(으)로 변환하면서 데이터가 손실될 수 있습니다.
C:\Users\qkrwk\Desktop\opengl\기말텀프\source\ProjectLibrary.cpp(4527,42): warning C4244: '=': 'double'에서 'GLfloat'(으)로 변환하면서 데이터가 손실될 수 있습니다.
C:\Users\qkrwk\Desktop\opengl\기말텀프\source\ProjectLibrary.cpp(4528,41): warning C4244: '=': 'double'에서 'GLfloat'(으)로 변환하면서 데이터가 손실될 수 있습니다.
C:\Users\qkrwk\Desktop\opengl\기말텀프\source\ProjectLibrary.cpp(4529,42): warning C4244: '=': 'double'에서 'GLfloat'(으)로 변환하면서 데이터가 손실될 수 있습니다.
C:\Users\qkrwk\Desktop\opengl\기말텀프\source\ProjectLibrary.cpp(4530,41): warning C4244: '=': 'double'에서 'GLfloat'(으)로 변환하면서 데이터가 손실될 수 있습니다.
C:\Users\qkrwk\Desktop\opengl\기말텀프\source\ProjectLibrary.cpp(4653,42): warning C4244: '=': 'double'에서 'GLfloat'(으)로 변환하면서 데이터가 손실될 수 있습니다.
C:\Users\qkrwk\Desktop\opengl\기말텀프\source\ProjectLibrary.cpp(4654,41): warning C4244: '=': 'double'에서 'GLfloat'(으)로 변환하면서 데이터가 손실될 수 있습니다.
C:\Users\qkrwk\Desktop\opengl\기말텀프\source\ProjectLibrary.cpp(4655,42): warning C4244: '=': 'double'에서 'GLfloat'(으)로 변환하면서 데이터가 손실될 수 있습니다.
C:\Users\qkrwk\Desktop\opengl\기말텀프\source\ProjectLibrary.cpp(4656,41): warning C4244: '=': 'double'에서 'GLfloat'(으)로 변환하면서 데이터가 손실될 수 있습니다.
C:\Users\qkrwk\Desktop\opengl\기말텀프\source\ProjectLibrary.cpp(4705,42): warning C4244: '=': 'double'에서 'GLfloat'(으)로 변환하면서 데이터가 손실될 수 있습니다.
C:\Users\qkrwk\Desktop\opengl\기말텀프\source\ProjectLibrary.cpp(4706,41): warning C4244: '=': 'double'에서 'GLfloat'(으)로 변환하면서 데이터가 손실될 수 있습니다.
C:\Users\qkrwk\Desktop\opengl\기말텀프\source\ProjectLibrary.cpp(4707,42): warning C4244: '=': 'double'에서 'GLfloat'(으)로 변환하면서 데이터가 손실될 수 있습니다.
C:\Users\qkrwk\Desktop\opengl\기말텀프\source\ProjectLibrary.cpp(4708,41): warning C4244: '=': 'double'에서 'GLfloat'(으)로 변환하면서 데이터가 손실될 수 있습니다.
C:\Users\qkrwk\Desktop\opengl\기말텀프\source\ProjectLibrary.cpp(4797,64): warning C4244: '인수': 'GLdouble'에서 'GLfloat'(으)로 변환하면서 데이터가 손실될 수 있습니다.
C:\Users\qkrwk\Desktop\opengl\기말텀프\source\ProjectLibrary.cpp(4797,47): warning C4244: '인수': 'GLdouble'에서 'GLfloat'(으)로 변환하면서 데이터가 손실될 수 있습니다.
C:\Users\qkrwk\Desktop\opengl\기말텀프\source\ProjectLibrary.cpp(4797,30): warning C4244: '인수': 'GLdouble'에서 'GLfloat'(으)로 변환하면서 데이터가 손실될 수 있습니다.
C:\Users\qkrwk\Desktop\opengl\기말텀프\source\ProjectLibrary.cpp(4806,64): warning C4244: '인수': 'GLdouble'에서 'GLfloat'(으)로 변환하면서 데이터가 손실될 수 있습니다.
C:\Users\qkrwk\Desktop\opengl\기말텀프\source\ProjectLibrary.cpp(4806,47): warning C4244: '인수': 'GLdouble'에서 'GLfloat'(으)로 변환하면서 데이터가 손실될 수 있습니다.
C:\Users\qkrwk\Desktop\opengl\기말텀프\source\ProjectLibrary.cpp(4806,30): warning C4244: '인수': 'GLdouble'에서 'GLfloat'(으)로 변환하면서 데이터가 손실될 수 있습니다.
C:\Users\qkrwk\Desktop\opengl\기말텀프\source\ProjectLibrary.cpp(4823,69): warning C4244: '인수': 'double'에서 'GLfloat'(으)로 변환하면서 데이터가 손실될 수 있습니다.
C:\Users\qkrwk\Desktop\opengl\기말텀프\source\ProjectLibrary.cpp(4823,49): warning C4244: '인수': 'double'에서 'GLfloat'(으)로 변환하면서 데이터가 손실될 수 있습니다.
C:\Users\qkrwk\Desktop\opengl\기말텀프\source\ProjectLibrary.cpp(4823,29): warning C4244: '인수': 'double'에서 'GLfloat'(으)로 변환하면서 데이터가 손실될 수 있습니다.
C:\Users\qkrwk\Desktop\opengl\기말텀프\source\ProjectLibrary.cpp(4831,69): warning C4244: '인수': 'double'에서 'GLfloat'(으)로 변환하면서 데이터가 손실될 수 있습니다.
C:\Users\qkrwk\Desktop\opengl\기말텀프\source\ProjectLibrary.cpp(4831,49): warning C4244: '인수': 'double'에서 'GLfloat'(으)로 변환하면서 데이터가 손실될 수 있습니다.
C:\Users\qkrwk\Desktop\opengl\기말텀프\source\ProjectLibrary.cpp(4831,29): warning C4244: '인수': 'double'에서 'GLfloat'(으)로 변환하면서 데이터가 손실될 수 있습니다.
C:\Users\qkrwk\Desktop\opengl\기말텀프\source\ProjectLibrary.cpp(4897,28): warning C4244: '인수': 'double'에서 'float'(으)로 변환하면서 데이터가 손실될 수 있습니다.
C:\Users\qkrwk\Desktop\opengl\기말텀프\source\ProjectLibrary.cpp(4913,28): warning C4244: '인수': 'double'에서 'float'(으)로 변환하면서 데이터가 손실될 수 있습니다.
C:\Users\qkrwk\Desktop\opengl\기말텀프\source\ProjectLibrary.cpp(4936,12): warning C4838: 'double'에서 'GLfloat'(으)로의 변환에는 축소 변환이 필요합니다.
C:\Users\qkrwk\Desktop\opengl\기말텀프\source\ProjectLibrary.cpp(4936,12): warning C4244: '초기화 중': 'double'에서 'GLfloat'(으)로 변환하면서 데이터가 손실될 수 있습니다.
C:\Users\qkrwk\Desktop\opengl\기말텀프\source\ProjectLibrary.cpp(4936,32): warning C4838: 'double'에서 'GLfloat'(으)로의 변환에는 축소 변환이 필요합니다.
C:\Users\qkrwk\Desktop\opengl\기말텀프\source\ProjectLibrary.cpp(4936,32): warning C4244: '초기화 중': 'double'에서 'GLfloat'(으)로 변환하면서 데이터가 손실될 수 있습니다.
C:\Users\qkrwk\Desktop\opengl\기말텀프\source\ProjectLibrary.cpp(4936,60): warning C4838: 'double'에서 'GLfloat'(으)로의 변환에는 축소 변환이 필요합니다.
C:\Users\qkrwk\Desktop\opengl\기말텀프\source\ProjectLibrary.cpp(4936,60): warning C4244: '초기화 중': 'double'에서 'GLfloat'(으)로 변환하면서 데이터가 손실될 수 있습니다.
C:\Users\qkrwk\Desktop\opengl\기말텀프\source\ProjectLibrary.cpp(4936,79): warning C4838: 'double'에서 'GLfloat'(으)로의 변환에는 축소 변환이 필요합니다.
C:\Users\qkrwk\Desktop\opengl\기말텀프\source\ProjectLibrary.cpp(4936,79): warning C4244: '초기화 중': 'double'에서 'GLfloat'(으)로 변환하면서 데이터가 손실될 수 있습니다.
C:\Users\qkrwk\Desktop\opengl\기말텀프\source\ProjectLibrary.cpp(4936,106): warning C4838: 'double'에서 'GLfloat'(으)로의 변환에는 축소 변환이 필요합니다.
C:\Users\qkrwk\Desktop\opengl\기말텀프\source\ProjectLibrary.cpp(4936,106): warning C4244: '초기화 중': 'double'에서 'GLfloat'(으)로 변환하면서 데이터가 손실될 수 있습니다.
C:\Users\qkrwk\Desktop\opengl\기말텀프\source\ProjectLibrary.cpp(4936,125): warning C4838: 'double'에서 'GLfloat'(으)로의 변환에는 축소 변환이 필요합니다.
C:\Users\qkrwk\Desktop\opengl\기말텀프\source\ProjectLibrary.cpp(4936,125): warning C4244: '초기화 중': 'double'에서 'GLfloat'(으)로 변환하면서 데이터가 손실될 수 있습니다.
C:\Users\qkrwk\Desktop\opengl\기말텀프\source\ProjectLibrary.cpp(4936,153): warning C4838: 'double'에서 'GLfloat'(으)로의 변환에는 축소 변환이 필요합니다.
C:\Users\qkrwk\Desktop\opengl\기말텀프\source\ProjectLibrary.cpp(4936,153): warning C4244: '초기화 중': 'double'에서 'GLfloat'(으)로 변환하면서 데이터가 손실될 수 있습니다.
C:\Users\qkrwk\Desktop\opengl\기말텀프\source\ProjectLibrary.cpp(4944,29): warning C4244: '인수': 'double'에서 'GLfloat'(으)로 변환하면서 데이터가 손실될 수 있습니다.
C:\Users\qkrwk\Desktop\opengl\기말텀프\source\ProjectLibrary.cpp(5161,46): warning C4244: '=': 'GLdouble'에서 'GLfloat'(으)로 변환하면서 데이터가 손실될 수 있습니다.
C:\Users\qkrwk\Desktop\opengl\기말텀프\source\ProjectLibrary.cpp(5162,46): warning C4244: '=': 'GLdouble'에서 'GLfloat'(으)로 변환하면서 데이터가 손실될 수 있습니다.
C:\Users\qkrwk\Desktop\opengl\기말텀프\source\ProjectLibrary.cpp(5163,46): warning C4244: '=': 'GLdouble'에서 'GLfloat'(으)로 변환하면서 데이터가 손실될 수 있습니다.
C:\Users\qkrwk\Desktop\opengl\기말텀프\source\ProjectLibrary.cpp(5200,46): warning C4244: '=': 'GLdouble'에서 'GLfloat'(으)로 변환하면서 데이터가 손실될 수 있습니다.
C:\Users\qkrwk\Desktop\opengl\기말텀프\source\ProjectLibrary.cpp(5201,46): warning C4244: '=': 'GLdouble'에서 'GLfloat'(으)로 변환하면서 데이터가 손실될 수 있습니다.
C:\Users\qkrwk\Desktop\opengl\기말텀프\source\ProjectLibrary.cpp(5202,46): warning C4244: '=': 'GLdouble'에서 'GLfloat'(으)로 변환하면서 데이터가 손실될 수 있습니다.
C:\Users\qkrwk\Desktop\opengl\기말텀프\source\ProjectLibrary.cpp(5570,22): warning C4018: '<': signed 또는 unsigned가 일치하지 않습니다.
C:\Users\qkrwk\Desktop\opengl\기말텀프\source\ProjectLibrary.cpp(5592,22): warning C4018: '<': signed 또는 unsigned가 일치하지 않습니다.
C:\Users\qkrwk\Desktop\opengl\기말텀프\source\ProjectLibrary.cpp(5600,25): warning C4018: '<': signed 또는 unsigned가 일치하지 않습니다.
C:\Users\qkrwk\Desktop\opengl\기말텀프\source\ProjectLibrary.cpp(5617,197): warning C4244: '인수': 'double'에서 'const GLfloat'(으)로 변환하면서 데이터가 손실될 수 있습니다.
C:\Users\qkrwk\Desktop\opengl\기말텀프\source\ProjectLibrary.cpp(5618,197): warning C4244: '인수': 'double'에서 'const GLfloat'(으)로 변환하면서 데이터가 손실될 수 있습니다.
C:\Users\qkrwk\Desktop\opengl\기말텀프\source\ProjectLibrary.cpp(5619,197): warning C4244: '인수': 'double'에서 'const GLfloat'(으)로 변환하면서 데이터가 손실될 수 있습니다.
C:\Users\qkrwk\Desktop\opengl\기말텀프\source\ProjectLibrary.cpp(5634,197): warning C4244: '인수': 'double'에서 'const GLfloat'(으)로 변환하면서 데이터가 손실될 수 있습니다.
C:\Users\qkrwk\Desktop\opengl\기말텀프\source\ProjectLibrary.cpp(5635,197): warning C4244: '인수': 'double'에서 'const GLfloat'(으)로 변환하면서 데이터가 손실될 수 있습니다.
C:\Users\qkrwk\Desktop\opengl\기말텀프\source\ProjectLibrary.cpp(5636,197): warning C4244: '인수': 'double'에서 'const GLfloat'(으)로 변환하면서 데이터가 손실될 수 있습니다.
C:\Users\qkrwk\Desktop\opengl\기말텀프\source\ProjectLibrary.cpp(5650,212): warning C4244: '인수': 'double'에서 'const GLfloat'(으)로 변환하면서 데이터가 손실될 수 있습니다.
C:\Users\qkrwk\Desktop\opengl\기말텀프\source\ProjectLibrary.cpp(5651,23): warning C4244: '인수': 'double'에서 'float'(으)로 변환하면서 데이터가 손실될 수 있습니다.
C:\Users\qkrwk\Desktop\opengl\기말텀프\source\ProjectLibrary.cpp(5657,198): warning C4244: '인수': 'double'에서 'const GLfloat'(으)로 변환하면서 데이터가 손실될 수 있습니다.
C:\Users\qkrwk\Desktop\opengl\기말텀프\source\ProjectLibrary.cpp(5658,198): warning C4244: '인수': 'double'에서 'const GLfloat'(으)로 변환하면서 데이터가 손실될 수 있습니다.
C:\Users\qkrwk\Desktop\opengl\기말텀프\source\ProjectLibrary.cpp(5659,198): warning C4244: '인수': 'double'에서 'const GLfloat'(으)로 변환하면서 데이터가 손실될 수 있습니다.
C:\Users\qkrwk\Desktop\opengl\기말텀프\source\ProjectLibrary.cpp(5672,20): warning C4018: '<': signed 또는 unsigned가 일치하지 않습니다.
C:\Users\qkrwk\Desktop\opengl\기말텀프\source\ProjectLibrary.cpp(5692,193): warning C4244: '인수': 'double'에서 'const GLfloat'(으)로 변환하면서 데이터가 손실될 수 있습니다.
C:\Users\qkrwk\Desktop\opengl\기말텀프\source\ProjectLibrary.cpp(5693,193): warning C4244: '인수': 'double'에서 'const GLfloat'(으)로 변환하면서 데이터가 손실될 수 있습니다.
C:\Users\qkrwk\Desktop\opengl\기말텀프\source\ProjectLibrary.cpp(5694,193): warning C4244: '인수': 'double'에서 'const GLfloat'(으)로 변환하면서 데이터가 손실될 수 있습니다.
C:\Users\qkrwk\Desktop\opengl\기말텀프\source\ProjectLibrary.cpp(5709,193): warning C4244: '인수': 'double'에서 'const GLfloat'(으)로 변환하면서 데이터가 손실될 수 있습니다.
C:\Users\qkrwk\Desktop\opengl\기말텀프\source\ProjectLibrary.cpp(5710,193): warning C4244: '인수': 'double'에서 'const GLfloat'(으)로 변환하면서 데이터가 손실될 수 있습니다.
C:\Users\qkrwk\Desktop\opengl\기말텀프\source\ProjectLibrary.cpp(5711,193): warning C4244: '인수': 'double'에서 'const GLfloat'(으)로 변환하면서 데이터가 손실될 수 있습니다.
C:\Users\qkrwk\Desktop\opengl\기말텀프\source\ProjectLibrary.cpp(5723,208): warning C4244: '인수': 'double'에서 'const GLfloat'(으)로 변환하면서 데이터가 손실될 수 있습니다.
C:\Users\qkrwk\Desktop\opengl\기말텀프\source\ProjectLibrary.cpp(5724,23): warning C4244: '인수': 'double'에서 'float'(으)로 변환하면서 데이터가 손실될 수 있습니다.
C:\Users\qkrwk\Desktop\opengl\기말텀프\source\ProjectLibrary.cpp(5730,194): warning C4244: '인수': 'double'에서 'const GLfloat'(으)로 변환하면서 데이터가 손실될 수 있습니다.
C:\Users\qkrwk\Desktop\opengl\기말텀프\source\ProjectLibrary.cpp(5731,194): warning C4244: '인수': 'double'에서 'const GLfloat'(으)로 변환하면서 데이터가 손실될 수 있습니다.
C:\Users\qkrwk\Desktop\opengl\기말텀프\source\ProjectLibrary.cpp(5732,194): warning C4244: '인수': 'double'에서 'const GLfloat'(으)로 변환하면서 데이터가 손실될 수 있습니다.
C:\Users\qkrwk\Desktop\opengl\기말텀프\source\ProjectLibrary.cpp(5761,193): warning C4244: '인수': 'double'에서 'const GLfloat'(으)로 변환하면서 데이터가 손실될 수 있습니다.
C:\Users\qkrwk\Desktop\opengl\기말텀프\source\ProjectLibrary.cpp(5762,193): warning C4244: '인수': 'double'에서 'const GLfloat'(으)로 변환하면서 데이터가 손실될 수 있습니다.
C:\Users\qkrwk\Desktop\opengl\기말텀프\source\ProjectLibrary.cpp(5763,193): warning C4244: '인수': 'double'에서 'const GLfloat'(으)로 변환하면서 데이터가 손실될 수 있습니다.
C:\Users\qkrwk\Desktop\opengl\기말텀프\source\ProjectLibrary.cpp(5777,193): warning C4244: '인수': 'double'에서 'const GLfloat'(으)로 변환하면서 데이터가 손실될 수 있습니다.
C:\Users\qkrwk\Desktop\opengl\기말텀프\source\ProjectLibrary.cpp(5778,193): warning C4244: '인수': 'double'에서 'const GLfloat'(으)로 변환하면서 데이터가 손실될 수 있습니다.
C:\Users\qkrwk\Desktop\opengl\기말텀프\source\ProjectLibrary.cpp(5779,193): warning C4244: '인수': 'double'에서 'const GLfloat'(으)로 변환하면서 데이터가 손실될 수 있습니다.
C:\Users\qkrwk\Desktop\opengl\기말텀프\source\ProjectLibrary.cpp(5792,208): warning C4244: '인수': 'double'에서 'const GLfloat'(으)로 변환하면서 데이터가 손실될 수 있습니다.
C:\Users\qkrwk\Desktop\opengl\기말텀프\source\ProjectLibrary.cpp(5793,23): warning C4244: '인수': 'double'에서 'float'(으)로 변환하면서 데이터가 손실될 수 있습니다.
C:\Users\qkrwk\Desktop\opengl\기말텀프\source\ProjectLibrary.cpp(5799,194): warning C4244: '인수': 'double'에서 'const GLfloat'(으)로 변환하면서 데이터가 손실될 수 있습니다.
C:\Users\qkrwk\Desktop\opengl\기말텀프\source\ProjectLibrary.cpp(5800,194): warning C4244: '인수': 'double'에서 'const GLfloat'(으)로 변환하면서 데이터가 손실될 수 있습니다.
C:\Users\qkrwk\Desktop\opengl\기말텀프\source\ProjectLibrary.cpp(5801,194): warning C4244: '인수': 'double'에서 'const GLfloat'(으)로 변환하면서 데이터가 손실될 수 있습니다.
C:\Users\qkrwk\Desktop\opengl\기말텀프\source\ProjectLibrary.cpp(5830,259): warning C4244: '인수': 'double'에서 'const GLfloat'(으)로 변환하면서 데이터가 손실될 수 있습니다.
C:\Users\qkrwk\Desktop\opengl\기말텀프\source\ProjectLibrary.cpp(5831,259): warning C4244: '인수': 'double'에서 'const GLfloat'(으)로 변환하면서 데이터가 손실될 수 있습니다.
C:\Users\qkrwk\Desktop\opengl\기말텀프\source\ProjectLibrary.cpp(5832,259): warning C4244: '인수': 'double'에서 'const GLfloat'(으)로 변환하면서 데이터가 손실될 수 있습니다.
C:\Users\qkrwk\Desktop\opengl\기말텀프\source\ProjectLibrary.cpp(5846,259): warning C4244: '인수': 'double'에서 'const GLfloat'(으)로 변환하면서 데이터가 손실될 수 있습니다.
C:\Users\qkrwk\Desktop\opengl\기말텀프\source\ProjectLibrary.cpp(5847,259): warning C4244: '인수': 'double'에서 'const GLfloat'(으)로 변환하면서 데이터가 손실될 수 있습니다.
C:\Users\qkrwk\Desktop\opengl\기말텀프\source\ProjectLibrary.cpp(5848,259): warning C4244: '인수': 'double'에서 'const GLfloat'(으)로 변환하면서 데이터가 손실될 수 있습니다.
C:\Users\qkrwk\Desktop\opengl\기말텀프\source\ProjectLibrary.cpp(5860,274): warning C4244: '인수': 'double'에서 'const GLfloat'(으)로 변환하면서 데이터가 손실될 수 있습니다.
C:\Users\qkrwk\Desktop\opengl\기말텀프\source\ProjectLibrary.cpp(5861,23): warning C4244: '인수': 'double'에서 'float'(으)로 변환하면서 데이터가 손실될 수 있습니다.
C:\Users\qkrwk\Desktop\opengl\기말텀프\source\ProjectLibrary.cpp(5867,260): warning C4244: '인수': 'double'에서 'const GLfloat'(으)로 변환하면서 데이터가 손실될 수 있습니다.
C:\Users\qkrwk\Desktop\opengl\기말텀프\source\ProjectLibrary.cpp(5868,260): warning C4244: '인수': 'double'에서 'const GLfloat'(으)로 변환하면서 데이터가 손실될 수 있습니다.
C:\Users\qkrwk\Desktop\opengl\기말텀프\source\ProjectLibrary.cpp(5869,260): warning C4244: '인수': 'double'에서 'const GLfloat'(으)로 변환하면서 데이터가 손실될 수 있습니다.
C:\Users\qkrwk\Desktop\opengl\기말텀프\source\ProjectLibrary.cpp(5897,259): warning C4244: '인수': 'double'에서 'const GLfloat'(으)로 변환하면서 데이터가 손실될 수 있습니다.
C:\Users\qkrwk\Desktop\opengl\기말텀프\source\ProjectLibrary.cpp(5898,259): warning C4244: '인수': 'double'에서 'const GLfloat'(으)로 변환하면서 데이터가 손실될 수 있습니다.
C:\Users\qkrwk\Desktop\opengl\기말텀프\source\ProjectLibrary.cpp(5899,259): warning C4244: '인수': 'double'에서 'const GLfloat'(으)로 변환하면서 데이터가 손실될 수 있습니다.
C:\Users\qkrwk\Desktop\opengl\기말텀프\source\ProjectLibrary.cpp(5913,259): warning C4244: '인수': 'double'에서 'const GLfloat'(으)로 변환하면서 데이터가 손실될 수 있습니다.
C:\Users\qkrwk\Desktop\opengl\기말텀프\source\ProjectLibrary.cpp(5914,259): warning C4244: '인수': 'double'에서 'const GLfloat'(으)로 변환하면서 데이터가 손실될 수 있습니다.
C:\Users\qkrwk\Desktop\opengl\기말텀프\source\ProjectLibrary.cpp(5915,259): warning C4244: '인수': 'double'에서 'const GLfloat'(으)로 변환하면서 데이터가 손실될 수 있습니다.
C:\Users\qkrwk\Desktop\opengl\기말텀프\source\ProjectLibrary.cpp(5927,274): warning C4244: '인수': 'double'에서 'const GLfloat'(으)로 변환하면서 데이터가 손실될 수 있습니다.
C:\Users\qkrwk\Desktop\opengl\기말텀프\source\ProjectLibrary.cpp(5928,23): warning C4244: '인수': 'double'에서 'float'(으)로 변환하면서 데이터가 손실될 수 있습니다.
C:\Users\qkrwk\Desktop\opengl\기말텀프\source\ProjectLibrary.cpp(5934,260): warning C4244: '인수': 'double'에서 'const GLfloat'(으)로 변환하면서 데이터가 손실될 수 있습니다.
C:\Users\qkrwk\Desktop\opengl\기말텀프\source\ProjectLibrary.cpp(5935,260): warning C4244: '인수': 'double'에서 'const GLfloat'(으)로 변환하면서 데이터가 손실될 수 있습니다.
C:\Users\qkrwk\Desktop\opengl\기말텀프\source\ProjectLibrary.cpp(5936,260): warning C4244: '인수': 'double'에서 'const GLfloat'(으)로 변환하면서 데이터가 손실될 수 있습니다.
C:\Users\qkrwk\Desktop\opengl\기말텀프\source\ProjectLibrary.cpp(5963,185): warning C4244: '인수': 'double'에서 'const GLfloat'(으)로 변환하면서 데이터가 손실될 수 있습니다.
C:\Users\qkrwk\Desktop\opengl\기말텀프\source\ProjectLibrary.cpp(5964,185): warning C4244: '인수': 'double'에서 'const GLfloat'(으)로 변환하면서 데이터가 손실될 수 있습니다.
C:\Users\qkrwk\Desktop\opengl\기말텀프\source\ProjectLibrary.cpp(5965,185): warning C4244: '인수': 'double'에서 'const GLfloat'(으)로 변환하면서 데이터가 손실될 수 있습니다.
C:\Users\qkrwk\Desktop\opengl\기말텀프\source\ProjectLibrary.cpp(5978,185): warning C4244: '인수': 'double'에서 'const GLfloat'(으)로 변환하면서 데이터가 손실될 수 있습니다.
C:\Users\qkrwk\Desktop\opengl\기말텀프\source\ProjectLibrary.cpp(5979,185): warning C4244: '인수': 'double'에서 'const GLfloat'(으)로 변환하면서 데이터가 손실될 수 있습니다.
C:\Users\qkrwk\Desktop\opengl\기말텀프\source\ProjectLibrary.cpp(5980,185): warning C4244: '인수': 'double'에서 'const GLfloat'(으)로 변환하면서 데이터가 손실될 수 있습니다.
C:\Users\qkrwk\Desktop\opengl\기말텀프\source\ProjectLibrary.cpp(5991,200): warning C4244: '인수': 'double'에서 'const GLfloat'(으)로 변환하면서 데이터가 손실될 수 있습니다.
C:\Users\qkrwk\Desktop\opengl\기말텀프\source\ProjectLibrary.cpp(5992,23): warning C4244: '인수': 'double'에서 'float'(으)로 변환하면서 데이터가 손실될 수 있습니다.
C:\Users\qkrwk\Desktop\opengl\기말텀프\source\ProjectLibrary.cpp(5998,186): warning C4244: '인수': 'double'에서 'const GLfloat'(으)로 변환하면서 데이터가 손실될 수 있습니다.
C:\Users\qkrwk\Desktop\opengl\기말텀프\source\ProjectLibrary.cpp(5999,186): warning C4244: '인수': 'double'에서 'const GLfloat'(으)로 변환하면서 데이터가 손실될 수 있습니다.
C:\Users\qkrwk\Desktop\opengl\기말텀프\source\ProjectLibrary.cpp(6000,186): warning C4244: '인수': 'double'에서 'const GLfloat'(으)로 변환하면서 데이터가 손실될 수 있습니다.
C:\Users\qkrwk\Desktop\opengl\기말텀프\source\ProjectLibrary.cpp(6069,26): warning C4018: '<': signed 또는 unsigned가 일치하지 않습니다.
C:\Users\qkrwk\Desktop\opengl\기말텀프\source\ProjectLibrary.cpp(6086,25): warning C4018: '<': signed 또는 unsigned가 일치하지 않습니다.
C:\Users\qkrwk\Desktop\opengl\기말텀프\source\ProjectLibrary.cpp(6099,198): warning C4244: '인수': 'double'에서 'const GLfloat'(으)로 변환하면서 데이터가 손실될 수 있습니다.
C:\Users\qkrwk\Desktop\opengl\기말텀프\source\ProjectLibrary.cpp(6100,198): warning C4244: '인수': 'double'에서 'const GLfloat'(으)로 변환하면서 데이터가 손실될 수 있습니다.
C:\Users\qkrwk\Desktop\opengl\기말텀프\source\ProjectLibrary.cpp(6101,198): warning C4244: '인수': 'double'에서 'const GLfloat'(으)로 변환하면서 데이터가 손실될 수 있습니다.
C:\Users\qkrwk\Desktop\opengl\기말텀프\source\ProjectLibrary.cpp(6103,204): warning C4244: '인수': 'double'에서 'const GLfloat'(으)로 변환하면서 데이터가 손실될 수 있습니다.
C:\Users\qkrwk\Desktop\opengl\기말텀프\source\ProjectLibrary.cpp(6104,204): warning C4244: '인수': 'double'에서 'const GLfloat'(으)로 변환하면서 데이터가 손실될 수 있습니다.
C:\Users\qkrwk\Desktop\opengl\기말텀프\source\ProjectLibrary.cpp(6105,204): warning C4244: '인수': 'double'에서 'const GLfloat'(으)로 변환하면서 데이터가 손실될 수 있습니다.
C:\Users\qkrwk\Desktop\opengl\기말텀프\source\ProjectLibrary.cpp(6111,203): warning C4244: '인수': 'double'에서 'const GLfloat'(으)로 변환하면서 데이터가 손실될 수 있습니다.
C:\Users\qkrwk\Desktop\opengl\기말텀프\source\ProjectLibrary.cpp(6112,203): warning C4244: '인수': 'double'에서 'const GLfloat'(으)로 변환하면서 데이터가 손실될 수 있습니다.
C:\Users\qkrwk\Desktop\opengl\기말텀프\source\ProjectLibrary.cpp(6113,203): warning C4244: '인수': 'double'에서 'const GLfloat'(으)로 변환하면서 데이터가 손실될 수 있습니다.
C:\Users\qkrwk\Desktop\opengl\기말텀프\source\ProjectLibrary.cpp(6119,197): warning C4244: '인수': 'double'에서 'const GLfloat'(으)로 변환하면서 데이터가 손실될 수 있습니다.
C:\Users\qkrwk\Desktop\opengl\기말텀프\source\ProjectLibrary.cpp(6120,197): warning C4244: '인수': 'double'에서 'const GLfloat'(으)로 변환하면서 데이터가 손실될 수 있습니다.
C:\Users\qkrwk\Desktop\opengl\기말텀프\source\ProjectLibrary.cpp(6121,197): warning C4244: '인수': 'double'에서 'const GLfloat'(으)로 변환하면서 데이터가 손실될 수 있습니다.
C:\Users\qkrwk\Desktop\opengl\기말텀프\source\ProjectLibrary.cpp(6139,20): warning C4018: '<': signed 또는 unsigned가 일치하지 않습니다.
C:\Users\qkrwk\Desktop\opengl\기말텀프\source\ProjectLibrary.cpp(6155,194): warning C4244: '인수': 'double'에서 'const GLfloat'(으)로 변환하면서 데이터가 손실될 수 있습니다.
C:\Users\qkrwk\Desktop\opengl\기말텀프\source\ProjectLibrary.cpp(6156,194): warning C4244: '인수': 'double'에서 'const GLfloat'(으)로 변환하면서 데이터가 손실될 수 있습니다.
C:\Users\qkrwk\Desktop\opengl\기말텀프\source\ProjectLibrary.cpp(6157,194): warning C4244: '인수': 'double'에서 'const GLfloat'(으)로 변환하면서 데이터가 손실될 수 있습니다.
C:\Users\qkrwk\Desktop\opengl\기말텀프\source\ProjectLibrary.cpp(6159,200): warning C4244: '인수': 'double'에서 'const GLfloat'(으)로 변환하면서 데이터가 손실될 수 있습니다.
C:\Users\qkrwk\Desktop\opengl\기말텀프\source\ProjectLibrary.cpp(6160,200): warning C4244: '인수': 'double'에서 'const GLfloat'(으)로 변환하면서 데이터가 손실될 수 있습니다.
C:\Users\qkrwk\Desktop\opengl\기말텀프\source\ProjectLibrary.cpp(6161,200): warning C4244: '인수': 'double'에서 'const GLfloat'(으)로 변환하면서 데이터가 손실될 수 있습니다.
C:\Users\qkrwk\Desktop\opengl\기말텀프\source\ProjectLibrary.cpp(6169,199): warning C4244: '인수': 'double'에서 'const GLfloat'(으)로 변환하면서 데이터가 손실될 수 있습니다.
C:\Users\qkrwk\Desktop\opengl\기말텀프\source\ProjectLibrary.cpp(6170,199): warning C4244: '인수': 'double'에서 'const GLfloat'(으)로 변환하면서 데이터가 손실될 수 있습니다.
C:\Users\qkrwk\Desktop\opengl\기말텀프\source\ProjectLibrary.cpp(6171,199): warning C4244: '인수': 'double'에서 'const GLfloat'(으)로 변환하면서 데이터가 손실될 수 있습니다.
C:\Users\qkrwk\Desktop\opengl\기말텀프\source\ProjectLibrary.cpp(6176,193): warning C4244: '인수': 'double'에서 'const GLfloat'(으)로 변환하면서 데이터가 손실될 수 있습니다.
C:\Users\qkrwk\Desktop\opengl\기말텀프\source\ProjectLibrary.cpp(6177,193): warning C4244: '인수': 'double'에서 'const GLfloat'(으)로 변환하면서 데이터가 손실될 수 있습니다.
C:\Users\qkrwk\Desktop\opengl\기말텀프\source\ProjectLibrary.cpp(6178,193): warning C4244: '인수': 'double'에서 'const GLfloat'(으)로 변환하면서 데이터가 손실될 수 있습니다.
C:\Users\qkrwk\Desktop\opengl\기말텀프\source\ProjectLibrary.cpp(6211,194): warning C4244: '인수': 'double'에서 'const GLfloat'(으)로 변환하면서 데이터가 손실될 수 있습니다.
C:\Users\qkrwk\Desktop\opengl\기말텀프\source\ProjectLibrary.cpp(6212,194): warning C4244: '인수': 'double'에서 'const GLfloat'(으)로 변환하면서 데이터가 손실될 수 있습니다.
C:\Users\qkrwk\Desktop\opengl\기말텀프\source\ProjectLibrary.cpp(6213,194): warning C4244: '인수': 'double'에서 'const GLfloat'(으)로 변환하면서 데이터가 손실될 수 있습니다.
C:\Users\qkrwk\Desktop\opengl\기말텀프\source\ProjectLibrary.cpp(6215,200): warning C4244: '인수': 'double'에서 'const GLfloat'(으)로 변환하면서 데이터가 손실될 수 있습니다.
C:\Users\qkrwk\Desktop\opengl\기말텀프\source\ProjectLibrary.cpp(6216,200): warning C4244: '인수': 'double'에서 'const GLfloat'(으)로 변환하면서 데이터가 손실될 수 있습니다.
C:\Users\qkrwk\Desktop\opengl\기말텀프\source\ProjectLibrary.cpp(6217,200): warning C4244: '인수': 'double'에서 'const GLfloat'(으)로 변환하면서 데이터가 손실될 수 있습니다.
C:\Users\qkrwk\Desktop\opengl\기말텀프\source\ProjectLibrary.cpp(6225,199): warning C4244: '인수': 'double'에서 'const GLfloat'(으)로 변환하면서 데이터가 손실될 수 있습니다.
C:\Users\qkrwk\Desktop\opengl\기말텀프\source\ProjectLibrary.cpp(6226,199): warning C4244: '인수': 'double'에서 'const GLfloat'(으)로 변환하면서 데이터가 손실될 수 있습니다.
C:\Users\qkrwk\Desktop\opengl\기말텀프\source\ProjectLibrary.cpp(6227,199): warning C4244: '인수': 'double'에서 'const GLfloat'(으)로 변환하면서 데이터가 손실될 수 있습니다.
C:\Users\qkrwk\Desktop\opengl\기말텀프\source\ProjectLibrary.cpp(6232,193): warning C4244: '인수': 'double'에서 'const GLfloat'(으)로 변환하면서 데이터가 손실될 수 있습니다.
C:\Users\qkrwk\Desktop\opengl\기말텀프\source\ProjectLibrary.cpp(6233,193): warning C4244: '인수': 'double'에서 'const GLfloat'(으)로 변환하면서 데이터가 손실될 수 있습니다.
C:\Users\qkrwk\Desktop\opengl\기말텀프\source\ProjectLibrary.cpp(6234,193): warning C4244: '인수': 'double'에서 'const GLfloat'(으)로 변환하면서 데이터가 손실될 수 있습니다.
C:\Users\qkrwk\Desktop\opengl\기말텀프\source\ProjectLibrary.cpp(6275,261): warning C4244: '인수': 'double'에서 'const GLfloat'(으)로 변환하면서 데이터가 손실될 수 있습니다.
C:\Users\qkrwk\Desktop\opengl\기말텀프\source\ProjectLibrary.cpp(6276,261): warning C4244: '인수': 'double'에서 'const GLfloat'(으)로 변환하면서 데이터가 손실될 수 있습니다.
C:\Users\qkrwk\Desktop\opengl\기말텀프\source\ProjectLibrary.cpp(6277,261): warning C4244: '인수': 'double'에서 'const GLfloat'(으)로 변환하면서 데이터가 손실될 수 있습니다.
C:\Users\qkrwk\Desktop\opengl\기말텀프\source\ProjectLibrary.cpp(6279,267): warning C4244: '인수': 'double'에서 'const GLfloat'(으)로 변환하면서 데이터가 손실될 수 있습니다.
C:\Users\qkrwk\Desktop\opengl\기말텀프\source\ProjectLibrary.cpp(6280,267): warning C4244: '인수': 'double'에서 'const GLfloat'(으)로 변환하면서 데이터가 손실될 수 있습니다.
C:\Users\qkrwk\Desktop\opengl\기말텀프\source\ProjectLibrary.cpp(6281,267): warning C4244: '인수': 'double'에서 'const GLfloat'(으)로 변환하면서 데이터가 손실될 수 있습니다.
C:\Users\qkrwk\Desktop\opengl\기말텀프\source\ProjectLibrary.cpp(6291,266): warning C4244: '인수': 'double'에서 'const GLfloat'(으)로 변환하면서 데이터가 손실될 수 있습니다.
C:\Users\qkrwk\Desktop\opengl\기말텀프\source\ProjectLibrary.cpp(6292,266): warning C4244: '인수': 'double'에서 'const GLfloat'(으)로 변환하면서 데이터가 손실될 수 있습니다.
C:\Users\qkrwk\Desktop\opengl\기말텀프\source\ProjectLibrary.cpp(6293,266): warning C4244: '인수': 'double'에서 'const GLfloat'(으)로 변환하면서 데이터가 손실될 수 있습니다.
C:\Users\qkrwk\Desktop\opengl\기말텀프\source\ProjectLibrary.cpp(6300,260): warning C4244: '인수': 'double'에서 'const GLfloat'(으)로 변환하면서 데이터가 손실될 수 있습니다.
C:\Users\qkrwk\Desktop\opengl\기말텀프\source\ProjectLibrary.cpp(6301,260): warning C4244: '인수': 'double'에서 'const GLfloat'(으)로 변환하면서 데이터가 손실될 수 있습니다.
C:\Users\qkrwk\Desktop\opengl\기말텀프\source\ProjectLibrary.cpp(6302,260): warning C4244: '인수': 'double'에서 'const GLfloat'(으)로 변환하면서 데이터가 손실될 수 있습니다.
C:\Users\qkrwk\Desktop\opengl\기말텀프\source\ProjectLibrary.cpp(6335,261): warning C4244: '인수': 'double'에서 'const GLfloat'(으)로 변환하면서 데이터가 손실될 수 있습니다.
C:\Users\qkrwk\Desktop\opengl\기말텀프\source\ProjectLibrary.cpp(6336,261): warning C4244: '인수': 'double'에서 'const GLfloat'(으)로 변환하면서 데이터가 손실될 수 있습니다.
C:\Users\qkrwk\Desktop\opengl\기말텀프\source\ProjectLibrary.cpp(6337,261): warning C4244: '인수': 'double'에서 'const GLfloat'(으)로 변환하면서 데이터가 손실될 수 있습니다.
C:\Users\qkrwk\Desktop\opengl\기말텀프\source\ProjectLibrary.cpp(6339,267): warning C4244: '인수': 'double'에서 'const GLfloat'(으)로 변환하면서 데이터가 손실될 수 있습니다.
C:\Users\qkrwk\Desktop\opengl\기말텀프\source\ProjectLibrary.cpp(6340,267): warning C4244: '인수': 'double'에서 'const GLfloat'(으)로 변환하면서 데이터가 손실될 수 있습니다.
C:\Users\qkrwk\Desktop\opengl\기말텀프\source\ProjectLibrary.cpp(6341,267): warning C4244: '인수': 'double'에서 'const GLfloat'(으)로 변환하면서 데이터가 손실될 수 있습니다.
C:\Users\qkrwk\Desktop\opengl\기말텀프\source\ProjectLibrary.cpp(6350,266): warning C4244: '인수': 'double'에서 'const GLfloat'(으)로 변환하면서 데이터가 손실될 수 있습니다.
C:\Users\qkrwk\Desktop\opengl\기말텀프\source\ProjectLibrary.cpp(6351,266): warning C4244: '인수': 'double'에서 'const GLfloat'(으)로 변환하면서 데이터가 손실될 수 있습니다.
C:\Users\qkrwk\Desktop\opengl\기말텀프\source\ProjectLibrary.cpp(6352,266): warning C4244: '인수': 'double'에서 'const GLfloat'(으)로 변환하면서 데이터가 손실될 수 있습니다.
C:\Users\qkrwk\Desktop\opengl\기말텀프\source\ProjectLibrary.cpp(6356,260): warning C4244: '인수': 'double'에서 'const GLfloat'(으)로 변환하면서 데이터가 손실될 수 있습니다.
C:\Users\qkrwk\Desktop\opengl\기말텀프\source\ProjectLibrary.cpp(6357,260): warning C4244: '인수': 'double'에서 'const GLfloat'(으)로 변환하면서 데이터가 손실될 수 있습니다.
C:\Users\qkrwk\Desktop\opengl\기말텀프\source\ProjectLibrary.cpp(6358,260): warning C4244: '인수': 'double'에서 'const GLfloat'(으)로 변환하면서 데이터가 손실될 수 있습니다.
C:\Users\qkrwk\Desktop\opengl\기말텀프\source\ProjectLibrary.cpp(6390,187): warning C4244: '인수': 'double'에서 'const GLfloat'(으)로 변환하면서 데이터가 손실될 수 있습니다.
C:\Users\qkrwk\Desktop\opengl\기말텀프\source\ProjectLibrary.cpp(6391,187): warning C4244: '인수': 'double'에서 'const GLfloat'(으)로 변환하면서 데이터가 손실될 수 있습니다.
C:\Users\qkrwk\Desktop\opengl\기말텀프\source\ProjectLibrary.cpp(6392,187): warning C4244: '인수': 'double'에서 'const GLfloat'(으)로 변환하면서 데이터가 손실될 수 있습니다.
C:\Users\qkrwk\Desktop\opengl\기말텀프\source\ProjectLibrary.cpp(6394,193): warning C4244: '인수': 'double'에서 'const GLfloat'(으)로 변환하면서 데이터가 손실될 수 있습니다.
C:\Users\qkrwk\Desktop\opengl\기말텀프\source\ProjectLibrary.cpp(6395,193): warning C4244: '인수': 'double'에서 'const GLfloat'(으)로 변환하면서 데이터가 손실될 수 있습니다.
C:\Users\qkrwk\Desktop\opengl\기말텀프\source\ProjectLibrary.cpp(6396,193): warning C4244: '인수': 'double'에서 'const GLfloat'(으)로 변환하면서 데이터가 손실될 수 있습니다.
C:\Users\qkrwk\Desktop\opengl\기말텀프\source\ProjectLibrary.cpp(6404,192): warning C4244: '인수': 'double'에서 'const GLfloat'(으)로 변환하면서 데이터가 손실될 수 있습니다.
C:\Users\qkrwk\Desktop\opengl\기말텀프\source\ProjectLibrary.cpp(6405,192): warning C4244: '인수': 'double'에서 'const GLfloat'(으)로 변환하면서 데이터가 손실될 수 있습니다.
C:\Users\qkrwk\Desktop\opengl\기말텀프\source\ProjectLibrary.cpp(6406,192): warning C4244: '인수': 'double'에서 'const GLfloat'(으)로 변환하면서 데이터가 손실될 수 있습니다.
C:\Users\qkrwk\Desktop\opengl\기말텀프\source\ProjectLibrary.cpp(6411,186): warning C4244: '인수': 'double'에서 'const GLfloat'(으)로 변환하면서 데이터가 손실될 수 있습니다.
C:\Users\qkrwk\Desktop\opengl\기말텀프\source\ProjectLibrary.cpp(6412,186): warning C4244: '인수': 'double'에서 'const GLfloat'(으)로 변환하면서 데이터가 손실될 수 있습니다.
C:\Users\qkrwk\Desktop\opengl\기말텀프\source\ProjectLibrary.cpp(6413,186): warning C4244: '인수': 'double'에서 'const GLfloat'(으)로 변환하면서 데이터가 손실될 수 있습니다.
C:\Users\qkrwk\Desktop\opengl\기말텀프\source\ProjectLibrary.cpp(6500,26): warning C4018: '<': signed 또는 unsigned가 일치하지 않습니다.
C:\Users\qkrwk\Desktop\opengl\기말텀프\source\ProjectLibrary.cpp(6517,25): warning C4018: '<': signed 또는 unsigned가 일치하지 않습니다.
C:\Users\qkrwk\Desktop\opengl\기말텀프\source\ProjectLibrary.cpp(6530,198): warning C4244: '인수': 'double'에서 'const GLfloat'(으)로 변환하면서 데이터가 손실될 수 있습니다.
C:\Users\qkrwk\Desktop\opengl\기말텀프\source\ProjectLibrary.cpp(6531,198): warning C4244: '인수': 'double'에서 'const GLfloat'(으)로 변환하면서 데이터가 손실될 수 있습니다.
C:\Users\qkrwk\Desktop\opengl\기말텀프\source\ProjectLibrary.cpp(6532,198): warning C4244: '인수': 'double'에서 'const GLfloat'(으)로 변환하면서 데이터가 손실될 수 있습니다.
C:\Users\qkrwk\Desktop\opengl\기말텀프\source\ProjectLibrary.cpp(6534,204): warning C4244: '인수': 'double'에서 'const GLfloat'(으)로 변환하면서 데이터가 손실될 수 있습니다.
C:\Users\qkrwk\Desktop\opengl\기말텀프\source\ProjectLibrary.cpp(6535,204): warning C4244: '인수': 'double'에서 'const GLfloat'(으)로 변환하면서 데이터가 손실될 수 있습니다.
C:\Users\qkrwk\Desktop\opengl\기말텀프\source\ProjectLibrary.cpp(6536,204): warning C4244: '인수': 'double'에서 'const GLfloat'(으)로 변환하면서 데이터가 손실될 수 있습니다.
C:\Users\qkrwk\Desktop\opengl\기말텀프\source\ProjectLibrary.cpp(6542,203): warning C4244: '인수': 'double'에서 'const GLfloat'(으)로 변환하면서 데이터가 손실될 수 있습니다.
C:\Users\qkrwk\Desktop\opengl\기말텀프\source\ProjectLibrary.cpp(6543,203): warning C4244: '인수': 'double'에서 'const GLfloat'(으)로 변환하면서 데이터가 손실될 수 있습니다.
C:\Users\qkrwk\Desktop\opengl\기말텀프\source\ProjectLibrary.cpp(6544,203): warning C4244: '인수': 'double'에서 'const GLfloat'(으)로 변환하면서 데이터가 손실될 수 있습니다.
C:\Users\qkrwk\Desktop\opengl\기말텀프\source\ProjectLibrary.cpp(6550,197): warning C4244: '인수': 'double'에서 'const GLfloat'(으)로 변환하면서 데이터가 손실될 수 있습니다.
C:\Users\qkrwk\Desktop\opengl\기말텀프\source\ProjectLibrary.cpp(6551,197): warning C4244: '인수': 'double'에서 'const GLfloat'(으)로 변환하면서 데이터가 손실될 수 있습니다.
C:\Users\qkrwk\Desktop\opengl\기말텀프\source\ProjectLibrary.cpp(6552,197): warning C4244: '인수': 'double'에서 'const GLfloat'(으)로 변환하면서 데이터가 손실될 수 있습니다.
C:\Users\qkrwk\Desktop\opengl\기말텀프\source\ProjectLibrary.cpp(6570,20): warning C4018: '<': signed 또는 unsigned가 일치하지 않습니다.
C:\Users\qkrwk\Desktop\opengl\기말텀프\source\ProjectLibrary.cpp(6586,194): warning C4244: '인수': 'double'에서 'const GLfloat'(으)로 변환하면서 데이터가 손실될 수 있습니다.
C:\Users\qkrwk\Desktop\opengl\기말텀프\source\ProjectLibrary.cpp(6587,194): warning C4244: '인수': 'double'에서 'const GLfloat'(으)로 변환하면서 데이터가 손실될 수 있습니다.
C:\Users\qkrwk\Desktop\opengl\기말텀프\source\ProjectLibrary.cpp(6588,194): warning C4244: '인수': 'double'에서 'const GLfloat'(으)로 변환하면서 데이터가 손실될 수 있습니다.
C:\Users\qkrwk\Desktop\opengl\기말텀프\source\ProjectLibrary.cpp(6590,200): warning C4244: '인수': 'double'에서 'const GLfloat'(으)로 변환하면서 데이터가 손실될 수 있습니다.
C:\Users\qkrwk\Desktop\opengl\기말텀프\source\ProjectLibrary.cpp(6591,200): warning C4244: '인수': 'double'에서 'const GLfloat'(으)로 변환하면서 데이터가 손실될 수 있습니다.
C:\Users\qkrwk\Desktop\opengl\기말텀프\source\ProjectLibrary.cpp(6592,200): warning C4244: '인수': 'double'에서 'const GLfloat'(으)로 변환하면서 데이터가 손실될 수 있습니다.
C:\Users\qkrwk\Desktop\opengl\기말텀프\source\ProjectLibrary.cpp(6600,199): warning C4244: '인수': 'double'에서 'const GLfloat'(으)로 변환하면서 데이터가 손실될 수 있습니다.
C:\Users\qkrwk\Desktop\opengl\기말텀프\source\ProjectLibrary.cpp(6601,199): warning C4244: '인수': 'double'에서 'const GLfloat'(으)로 변환하면서 데이터가 손실될 수 있습니다.
C:\Users\qkrwk\Desktop\opengl\기말텀프\source\ProjectLibrary.cpp(6602,199): warning C4244: '인수': 'double'에서 'const GLfloat'(으)로 변환하면서 데이터가 손실될 수 있습니다.
C:\Users\qkrwk\Desktop\opengl\기말텀프\source\ProjectLibrary.cpp(6607,193): warning C4244: '인수': 'double'에서 'const GLfloat'(으)로 변환하면서 데이터가 손실될 수 있습니다.
C:\Users\qkrwk\Desktop\opengl\기말텀프\source\ProjectLibrary.cpp(6608,193): warning C4244: '인수': 'double'에서 'const GLfloat'(으)로 변환하면서 데이터가 손실될 수 있습니다.
C:\Users\qkrwk\Desktop\opengl\기말텀프\source\ProjectLibrary.cpp(6609,193): warning C4244: '인수': 'double'에서 'const GLfloat'(으)로 변환하면서 데이터가 손실될 수 있습니다.
C:\Users\qkrwk\Desktop\opengl\기말텀프\source\ProjectLibrary.cpp(6642,194): warning C4244: '인수': 'double'에서 'const GLfloat'(으)로 변환하면서 데이터가 손실될 수 있습니다.
C:\Users\qkrwk\Desktop\opengl\기말텀프\source\ProjectLibrary.cpp(6643,194): warning C4244: '인수': 'double'에서 'const GLfloat'(으)로 변환하면서 데이터가 손실될 수 있습니다.
C:\Users\qkrwk\Desktop\opengl\기말텀프\source\ProjectLibrary.cpp(6644,194): warning C4244: '인수': 'double'에서 'const GLfloat'(으)로 변환하면서 데이터가 손실될 수 있습니다.
C:\Users\qkrwk\Desktop\opengl\기말텀프\source\ProjectLibrary.cpp(6646,200): warning C4244: '인수': 'double'에서 'const GLfloat'(으)로 변환하면서 데이터가 손실될 수 있습니다.
C:\Users\qkrwk\Desktop\opengl\기말텀프\source\ProjectLibrary.cpp(6647,200): warning C4244: '인수': 'double'에서 'const GLfloat'(으)로 변환하면서 데이터가 손실될 수 있습니다.
C:\Users\qkrwk\Desktop\opengl\기말텀프\source\ProjectLibrary.cpp(6648,200): warning C4244: '인수': 'double'에서 'const GLfloat'(으)로 변환하면서 데이터가 손실될 수 있습니다.
C:\Users\qkrwk\Desktop\opengl\기말텀프\source\ProjectLibrary.cpp(6656,199): warning C4244: '인수': 'double'에서 'const GLfloat'(으)로 변환하면서 데이터가 손실될 수 있습니다.
C:\Users\qkrwk\Desktop\opengl\기말텀프\source\ProjectLibrary.cpp(6657,199): warning C4244: '인수': 'double'에서 'const GLfloat'(으)로 변환하면서 데이터가 손실될 수 있습니다.
C:\Users\qkrwk\Desktop\opengl\기말텀프\source\ProjectLibrary.cpp(6658,199): warning C4244: '인수': 'double'에서 'const GLfloat'(으)로 변환하면서 데이터가 손실될 수 있습니다.
C:\Users\qkrwk\Desktop\opengl\기말텀프\source\ProjectLibrary.cpp(6663,193): warning C4244: '인수': 'double'에서 'const GLfloat'(으)로 변환하면서 데이터가 손실될 수 있습니다.
C:\Users\qkrwk\Desktop\opengl\기말텀프\source\ProjectLibrary.cpp(6664,193): warning C4244: '인수': 'double'에서 'const GLfloat'(으)로 변환하면서 데이터가 손실될 수 있습니다.
C:\Users\qkrwk\Desktop\opengl\기말텀프\source\ProjectLibrary.cpp(6665,193): warning C4244: '인수': 'double'에서 'const GLfloat'(으)로 변환하면서 데이터가 손실될 수 있습니다.
C:\Users\qkrwk\Desktop\opengl\기말텀프\source\ProjectLibrary.cpp(6706,261): warning C4244: '인수': 'double'에서 'const GLfloat'(으)로 변환하면서 데이터가 손실될 수 있습니다.
C:\Users\qkrwk\Desktop\opengl\기말텀프\source\ProjectLibrary.cpp(6707,261): warning C4244: '인수': 'double'에서 'const GLfloat'(으)로 변환하면서 데이터가 손실될 수 있습니다.
C:\Users\qkrwk\Desktop\opengl\기말텀프\source\ProjectLibrary.cpp(6708,261): warning C4244: '인수': 'double'에서 'const GLfloat'(으)로 변환하면서 데이터가 손실될 수 있습니다.
C:\Users\qkrwk\Desktop\opengl\기말텀프\source\ProjectLibrary.cpp(6710,267): warning C4244: '인수': 'double'에서 'const GLfloat'(으)로 변환하면서 데이터가 손실될 수 있습니다.
C:\Users\qkrwk\Desktop\opengl\기말텀프\source\ProjectLibrary.cpp(6711,267): warning C4244: '인수': 'double'에서 'const GLfloat'(으)로 변환하면서 데이터가 손실될 수 있습니다.
C:\Users\qkrwk\Desktop\opengl\기말텀프\source\ProjectLibrary.cpp(6712,267): warning C4244: '인수': 'double'에서 'const GLfloat'(으)로 변환하면서 데이터가 손실될 수 있습니다.
C:\Users\qkrwk\Desktop\opengl\기말텀프\source\ProjectLibrary.cpp(6722,266): warning C4244: '인수': 'double'에서 'const GLfloat'(으)로 변환하면서 데이터가 손실될 수 있습니다.
C:\Users\qkrwk\Desktop\opengl\기말텀프\source\ProjectLibrary.cpp(6723,266): warning C4244: '인수': 'double'에서 'const GLfloat'(으)로 변환하면서 데이터가 손실될 수 있습니다.
C:\Users\qkrwk\Desktop\opengl\기말텀프\source\ProjectLibrary.cpp(6724,266): warning C4244: '인수': 'double'에서 'const GLfloat'(으)로 변환하면서 데이터가 손실될 수 있습니다.
C:\Users\qkrwk\Desktop\opengl\기말텀프\source\ProjectLibrary.cpp(6731,260): warning C4244: '인수': 'double'에서 'const GLfloat'(으)로 변환하면서 데이터가 손실될 수 있습니다.
C:\Users\qkrwk\Desktop\opengl\기말텀프\source\ProjectLibrary.cpp(6732,260): warning C4244: '인수': 'double'에서 'const GLfloat'(으)로 변환하면서 데이터가 손실될 수 있습니다.
C:\Users\qkrwk\Desktop\opengl\기말텀프\source\ProjectLibrary.cpp(6733,260): warning C4244: '인수': 'double'에서 'const GLfloat'(으)로 변환하면서 데이터가 손실될 수 있습니다.
C:\Users\qkrwk\Desktop\opengl\기말텀프\source\ProjectLibrary.cpp(6766,261): warning C4244: '인수': 'double'에서 'const GLfloat'(으)로 변환하면서 데이터가 손실될 수 있습니다.
C:\Users\qkrwk\Desktop\opengl\기말텀프\source\ProjectLibrary.cpp(6767,261): warning C4244: '인수': 'double'에서 'const GLfloat'(으)로 변환하면서 데이터가 손실될 수 있습니다.
C:\Users\qkrwk\Desktop\opengl\기말텀프\source\ProjectLibrary.cpp(6768,261): warning C4244: '인수': 'double'에서 'const GLfloat'(으)로 변환하면서 데이터가 손실될 수 있습니다.
C:\Users\qkrwk\Desktop\opengl\기말텀프\source\ProjectLibrary.cpp(6770,267): warning C4244: '인수': 'double'에서 'const GLfloat'(으)로 변환하면서 데이터가 손실될 수 있습니다.
C:\Users\qkrwk\Desktop\opengl\기말텀프\source\ProjectLibrary.cpp(6771,267): warning C4244: '인수': 'double'에서 'const GLfloat'(으)로 변환하면서 데이터가 손실될 수 있습니다.
C:\Users\qkrwk\Desktop\opengl\기말텀프\source\ProjectLibrary.cpp(6772,267): warning C4244: '인수': 'double'에서 'const GLfloat'(으)로 변환하면서 데이터가 손실될 수 있습니다.
C:\Users\qkrwk\Desktop\opengl\기말텀프\source\ProjectLibrary.cpp(6781,266): warning C4244: '인수': 'double'에서 'const GLfloat'(으)로 변환하면서 데이터가 손실될 수 있습니다.
C:\Users\qkrwk\Desktop\opengl\기말텀프\source\ProjectLibrary.cpp(6782,266): warning C4244: '인수': 'double'에서 'const GLfloat'(으)로 변환하면서 데이터가 손실될 수 있습니다.
C:\Users\qkrwk\Desktop\opengl\기말텀프\source\ProjectLibrary.cpp(6783,266): warning C4244: '인수': 'double'에서 'const GLfloat'(으)로 변환하면서 데이터가 손실될 수 있습니다.
C:\Users\qkrwk\Desktop\opengl\기말텀프\source\ProjectLibrary.cpp(6787,260): warning C4244: '인수': 'double'에서 'const GLfloat'(으)로 변환하면서 데이터가 손실될 수 있습니다.
C:\Users\qkrwk\Desktop\opengl\기말텀프\source\ProjectLibrary.cpp(6788,260): warning C4244: '인수': 'double'에서 'const GLfloat'(으)로 변환하면서 데이터가 손실될 수 있습니다.
C:\Users\qkrwk\Desktop\opengl\기말텀프\source\ProjectLibrary.cpp(6789,260): warning C4244: '인수': 'double'에서 'const GLfloat'(으)로 변환하면서 데이터가 손실될 수 있습니다.
C:\Users\qkrwk\Desktop\opengl\기말텀프\source\ProjectLibrary.cpp(6821,187): warning C4244: '인수': 'double'에서 'const GLfloat'(으)로 변환하면서 데이터가 손실될 수 있습니다.
C:\Users\qkrwk\Desktop\opengl\기말텀프\source\ProjectLibrary.cpp(6822,187): warning C4244: '인수': 'double'에서 'const GLfloat'(으)로 변환하면서 데이터가 손실될 수 있습니다.
C:\Users\qkrwk\Desktop\opengl\기말텀프\source\ProjectLibrary.cpp(6823,187): warning C4244: '인수': 'double'에서 'const GLfloat'(으)로 변환하면서 데이터가 손실될 수 있습니다.
C:\Users\qkrwk\Desktop\opengl\기말텀프\source\ProjectLibrary.cpp(6825,193): warning C4244: '인수': 'double'에서 'const GLfloat'(으)로 변환하면서 데이터가 손실될 수 있습니다.
C:\Users\qkrwk\Desktop\opengl\기말텀프\source\ProjectLibrary.cpp(6826,193): warning C4244: '인수': 'double'에서 'const GLfloat'(으)로 변환하면서 데이터가 손실될 수 있습니다.
C:\Users\qkrwk\Desktop\opengl\기말텀프\source\ProjectLibrary.cpp(6827,193): warning C4244: '인수': 'double'에서 'const GLfloat'(으)로 변환하면서 데이터가 손실될 수 있습니다.
C:\Users\qkrwk\Desktop\opengl\기말텀프\source\ProjectLibrary.cpp(6835,192): warning C4244: '인수': 'double'에서 'const GLfloat'(으)로 변환하면서 데이터가 손실될 수 있습니다.
C:\Users\qkrwk\Desktop\opengl\기말텀프\source\ProjectLibrary.cpp(6836,192): warning C4244: '인수': 'double'에서 'const GLfloat'(으)로 변환하면서 데이터가 손실될 수 있습니다.
C:\Users\qkrwk\Desktop\opengl\기말텀프\source\ProjectLibrary.cpp(6837,192): warning C4244: '인수': 'double'에서 'const GLfloat'(으)로 변환하면서 데이터가 손실될 수 있습니다.
C:\Users\qkrwk\Desktop\opengl\기말텀프\source\ProjectLibrary.cpp(6842,186): warning C4244: '인수': 'double'에서 'const GLfloat'(으)로 변환하면서 데이터가 손실될 수 있습니다.
C:\Users\qkrwk\Desktop\opengl\기말텀프\source\ProjectLibrary.cpp(6843,186): warning C4244: '인수': 'double'에서 'const GLfloat'(으)로 변환하면서 데이터가 손실될 수 있습니다.
C:\Users\qkrwk\Desktop\opengl\기말텀프\source\ProjectLibrary.cpp(6844,186): warning C4244: '인수': 'double'에서 'const GLfloat'(으)로 변환하면서 데이터가 손실될 수 있습니다.
C:\Users\qkrwk\Desktop\opengl\기말텀프\source\ProjectLibrary.cpp(6930,26): warning C4018: '<': signed 또는 unsigned가 일치하지 않습니다.
C:\Users\qkrwk\Desktop\opengl\기말텀프\source\ProjectLibrary.cpp(6948,25): warning C4018: '<': signed 또는 unsigned가 일치하지 않습니다.
C:\Users\qkrwk\Desktop\opengl\기말텀프\source\ProjectLibrary.cpp(6961,198): warning C4244: '인수': 'double'에서 'const GLfloat'(으)로 변환하면서 데이터가 손실될 수 있습니다.
C:\Users\qkrwk\Desktop\opengl\기말텀프\source\ProjectLibrary.cpp(6962,198): warning C4244: '인수': 'double'에서 'const GLfloat'(으)로 변환하면서 데이터가 손실될 수 있습니다.
C:\Users\qkrwk\Desktop\opengl\기말텀프\source\ProjectLibrary.cpp(6963,198): warning C4244: '인수': 'double'에서 'const GLfloat'(으)로 변환하면서 데이터가 손실될 수 있습니다.
C:\Users\qkrwk\Desktop\opengl\기말텀프\source\ProjectLibrary.cpp(6965,204): warning C4244: '인수': 'double'에서 'const GLfloat'(으)로 변환하면서 데이터가 손실될 수 있습니다.
C:\Users\qkrwk\Desktop\opengl\기말텀프\source\ProjectLibrary.cpp(6966,204): warning C4244: '인수': 'double'에서 'const GLfloat'(으)로 변환하면서 데이터가 손실될 수 있습니다.
C:\Users\qkrwk\Desktop\opengl\기말텀프\source\ProjectLibrary.cpp(6967,204): warning C4244: '인수': 'double'에서 'const GLfloat'(으)로 변환하면서 데이터가 손실될 수 있습니다.
C:\Users\qkrwk\Desktop\opengl\기말텀프\source\ProjectLibrary.cpp(6973,203): warning C4244: '인수': 'double'에서 'const GLfloat'(으)로 변환하면서 데이터가 손실될 수 있습니다.
C:\Users\qkrwk\Desktop\opengl\기말텀프\source\ProjectLibrary.cpp(6974,203): warning C4244: '인수': 'double'에서 'const GLfloat'(으)로 변환하면서 데이터가 손실될 수 있습니다.
C:\Users\qkrwk\Desktop\opengl\기말텀프\source\ProjectLibrary.cpp(6975,203): warning C4244: '인수': 'double'에서 'const GLfloat'(으)로 변환하면서 데이터가 손실될 수 있습니다.
C:\Users\qkrwk\Desktop\opengl\기말텀프\source\ProjectLibrary.cpp(6981,197): warning C4244: '인수': 'double'에서 'const GLfloat'(으)로 변환하면서 데이터가 손실될 수 있습니다.
C:\Users\qkrwk\Desktop\opengl\기말텀프\source\ProjectLibrary.cpp(6982,197): warning C4244: '인수': 'double'에서 'const GLfloat'(으)로 변환하면서 데이터가 손실될 수 있습니다.
C:\Users\qkrwk\Desktop\opengl\기말텀프\source\ProjectLibrary.cpp(6983,197): warning C4244: '인수': 'double'에서 'const GLfloat'(으)로 변환하면서 데이터가 손실될 수 있습니다.
C:\Users\qkrwk\Desktop\opengl\기말텀프\source\ProjectLibrary.cpp(7001,20): warning C4018: '<': signed 또는 unsigned가 일치하지 않습니다.
C:\Users\qkrwk\Desktop\opengl\기말텀프\source\ProjectLibrary.cpp(7017,194): warning C4244: '인수': 'double'에서 'const GLfloat'(으)로 변환하면서 데이터가 손실될 수 있습니다.
C:\Users\qkrwk\Desktop\opengl\기말텀프\source\ProjectLibrary.cpp(7018,194): warning C4244: '인수': 'double'에서 'const GLfloat'(으)로 변환하면서 데이터가 손실될 수 있습니다.
C:\Users\qkrwk\Desktop\opengl\기말텀프\source\ProjectLibrary.cpp(7019,194): warning C4244: '인수': 'double'에서 'const GLfloat'(으)로 변환하면서 데이터가 손실될 수 있습니다.
C:\Users\qkrwk\Desktop\opengl\기말텀프\source\ProjectLibrary.cpp(7021,200): warning C4244: '인수': 'double'에서 'const GLfloat'(으)로 변환하면서 데이터가 손실될 수 있습니다.
C:\Users\qkrwk\Desktop\opengl\기말텀프\source\ProjectLibrary.cpp(7022,200): warning C4244: '인수': 'double'에서 'const GLfloat'(으)로 변환하면서 데이터가 손실될 수 있습니다.
C:\Users\qkrwk\Desktop\opengl\기말텀프\source\ProjectLibrary.cpp(7023,200): warning C4244: '인수': 'double'에서 'const GLfloat'(으)로 변환하면서 데이터가 손실될 수 있습니다.
C:\Users\qkrwk\Desktop\opengl\기말텀프\source\ProjectLibrary.cpp(7031,199): warning C4244: '인수': 'double'에서 'const GLfloat'(으)로 변환하면서 데이터가 손실될 수 있습니다.
C:\Users\qkrwk\Desktop\opengl\기말텀프\source\ProjectLibrary.cpp(7032,199): warning C4244: '인수': 'double'에서 'const GLfloat'(으)로 변환하면서 데이터가 손실될 수 있습니다.
C:\Users\qkrwk\Desktop\opengl\기말텀프\source\ProjectLibrary.cpp(7033,199): warning C4244: '인수': 'double'에서 'const GLfloat'(으)로 변환하면서 데이터가 손실될 수 있습니다.
C:\Users\qkrwk\Desktop\opengl\기말텀프\source\ProjectLibrary.cpp(7038,193): warning C4244: '인수': 'double'에서 'const GLfloat'(으)로 변환하면서 데이터가 손실될 수 있습니다.
C:\Users\qkrwk\Desktop\opengl\기말텀프\source\ProjectLibrary.cpp(7039,193): warning C4244: '인수': 'double'에서 'const GLfloat'(으)로 변환하면서 데이터가 손실될 수 있습니다.
C:\Users\qkrwk\Desktop\opengl\기말텀프\source\ProjectLibrary.cpp(7040,193): warning C4244: '인수': 'double'에서 'const GLfloat'(으)로 변환하면서 데이터가 손실될 수 있습니다.
C:\Users\qkrwk\Desktop\opengl\기말텀프\source\ProjectLibrary.cpp(7073,194): warning C4244: '인수': 'double'에서 'const GLfloat'(으)로 변환하면서 데이터가 손실될 수 있습니다.
C:\Users\qkrwk\Desktop\opengl\기말텀프\source\ProjectLibrary.cpp(7074,194): warning C4244: '인수': 'double'에서 'const GLfloat'(으)로 변환하면서 데이터가 손실될 수 있습니다.
C:\Users\qkrwk\Desktop\opengl\기말텀프\source\ProjectLibrary.cpp(7075,194): warning C4244: '인수': 'double'에서 'const GLfloat'(으)로 변환하면서 데이터가 손실될 수 있습니다.
C:\Users\qkrwk\Desktop\opengl\기말텀프\source\ProjectLibrary.cpp(7077,200): warning C4244: '인수': 'double'에서 'const GLfloat'(으)로 변환하면서 데이터가 손실될 수 있습니다.
C:\Users\qkrwk\Desktop\opengl\기말텀프\source\ProjectLibrary.cpp(7078,200): warning C4244: '인수': 'double'에서 'const GLfloat'(으)로 변환하면서 데이터가 손실될 수 있습니다.
C:\Users\qkrwk\Desktop\opengl\기말텀프\source\ProjectLibrary.cpp(7079,200): warning C4244: '인수': 'double'에서 'const GLfloat'(으)로 변환하면서 데이터가 손실될 수 있습니다.
C:\Users\qkrwk\Desktop\opengl\기말텀프\source\ProjectLibrary.cpp(7087,199): warning C4244: '인수': 'double'에서 'const GLfloat'(으)로 변환하면서 데이터가 손실될 수 있습니다.
C:\Users\qkrwk\Desktop\opengl\기말텀프\source\ProjectLibrary.cpp(7088,199): warning C4244: '인수': 'double'에서 'const GLfloat'(으)로 변환하면서 데이터가 손실될 수 있습니다.
C:\Users\qkrwk\Desktop\opengl\기말텀프\source\ProjectLibrary.cpp(7089,199): warning C4244: '인수': 'double'에서 'const GLfloat'(으)로 변환하면서 데이터가 손실될 수 있습니다.
C:\Users\qkrwk\Desktop\opengl\기말텀프\source\ProjectLibrary.cpp(7094,193): warning C4244: '인수': 'double'에서 'const GLfloat'(으)로 변환하면서 데이터가 손실될 수 있습니다.
C:\Users\qkrwk\Desktop\opengl\기말텀프\source\ProjectLibrary.cpp(7095,193): warning C4244: '인수': 'double'에서 'const GLfloat'(으)로 변환하면서 데이터가 손실될 수 있습니다.
C:\Users\qkrwk\Desktop\opengl\기말텀프\source\ProjectLibrary.cpp(7096,193): warning C4244: '인수': 'double'에서 'const GLfloat'(으)로 변환하면서 데이터가 손실될 수 있습니다.
C:\Users\qkrwk\Desktop\opengl\기말텀프\source\ProjectLibrary.cpp(7137,261): warning C4244: '인수': 'double'에서 'const GLfloat'(으)로 변환하면서 데이터가 손실될 수 있습니다.
C:\Users\qkrwk\Desktop\opengl\기말텀프\source\ProjectLibrary.cpp(7138,261): warning C4244: '인수': 'double'에서 'const GLfloat'(으)로 변환하면서 데이터가 손실될 수 있습니다.
C:\Users\qkrwk\Desktop\opengl\기말텀프\source\ProjectLibrary.cpp(7139,261): warning C4244: '인수': 'double'에서 'const GLfloat'(으)로 변환하면서 데이터가 손실될 수 있습니다.
C:\Users\qkrwk\Desktop\opengl\기말텀프\source\ProjectLibrary.cpp(7141,267): warning C4244: '인수': 'double'에서 'const GLfloat'(으)로 변환하면서 데이터가 손실될 수 있습니다.
C:\Users\qkrwk\Desktop\opengl\기말텀프\source\ProjectLibrary.cpp(7142,267): warning C4244: '인수': 'double'에서 'const GLfloat'(으)로 변환하면서 데이터가 손실될 수 있습니다.
C:\Users\qkrwk\Desktop\opengl\기말텀프\source\ProjectLibrary.cpp(7143,267): warning C4244: '인수': 'double'에서 'const GLfloat'(으)로 변환하면서 데이터가 손실될 수 있습니다.
C:\Users\qkrwk\Desktop\opengl\기말텀프\source\ProjectLibrary.cpp(7153,266): warning C4244: '인수': 'double'에서 'const GLfloat'(으)로 변환하면서 데이터가 손실될 수 있습니다.
C:\Users\qkrwk\Desktop\opengl\기말텀프\source\ProjectLibrary.cpp(7154,266): warning C4244: '인수': 'double'에서 'const GLfloat'(으)로 변환하면서 데이터가 손실될 수 있습니다.
C:\Users\qkrwk\Desktop\opengl\기말텀프\source\ProjectLibrary.cpp(7155,266): warning C4244: '인수': 'double'에서 'const GLfloat'(으)로 변환하면서 데이터가 손실될 수 있습니다.
C:\Users\qkrwk\Desktop\opengl\기말텀프\source\ProjectLibrary.cpp(7162,260): warning C4244: '인수': 'double'에서 'const GLfloat'(으)로 변환하면서 데이터가 손실될 수 있습니다.
C:\Users\qkrwk\Desktop\opengl\기말텀프\source\ProjectLibrary.cpp(7163,260): warning C4244: '인수': 'double'에서 'const GLfloat'(으)로 변환하면서 데이터가 손실될 수 있습니다.
C:\Users\qkrwk\Desktop\opengl\기말텀프\source\ProjectLibrary.cpp(7164,260): warning C4244: '인수': 'double'에서 'const GLfloat'(으)로 변환하면서 데이터가 손실될 수 있습니다.
C:\Users\qkrwk\Desktop\opengl\기말텀프\source\ProjectLibrary.cpp(7197,261): warning C4244: '인수': 'double'에서 'const GLfloat'(으)로 변환하면서 데이터가 손실될 수 있습니다.
C:\Users\qkrwk\Desktop\opengl\기말텀프\source\ProjectLibrary.cpp(7198,261): warning C4244: '인수': 'double'에서 'const GLfloat'(으)로 변환하면서 데이터가 손실될 수 있습니다.
C:\Users\qkrwk\Desktop\opengl\기말텀프\source\ProjectLibrary.cpp(7199,261): warning C4244: '인수': 'double'에서 'const GLfloat'(으)로 변환하면서 데이터가 손실될 수 있습니다.
C:\Users\qkrwk\Desktop\opengl\기말텀프\source\ProjectLibrary.cpp(7201,267): warning C4244: '인수': 'double'에서 'const GLfloat'(으)로 변환하면서 데이터가 손실될 수 있습니다.
C:\Users\qkrwk\Desktop\opengl\기말텀프\source\ProjectLibrary.cpp(7202,267): warning C4244: '인수': 'double'에서 'const GLfloat'(으)로 변환하면서 데이터가 손실될 수 있습니다.
C:\Users\qkrwk\Desktop\opengl\기말텀프\source\ProjectLibrary.cpp(7203,267): warning C4244: '인수': 'double'에서 'const GLfloat'(으)로 변환하면서 데이터가 손실될 수 있습니다.
C:\Users\qkrwk\Desktop\opengl\기말텀프\source\ProjectLibrary.cpp(7212,266): warning C4244: '인수': 'double'에서 'const GLfloat'(으)로 변환하면서 데이터가 손실될 수 있습니다.
C:\Users\qkrwk\Desktop\opengl\기말텀프\source\ProjectLibrary.cpp(7213,266): warning C4244: '인수': 'double'에서 'const GLfloat'(으)로 변환하면서 데이터가 손실될 수 있습니다.
C:\Users\qkrwk\Desktop\opengl\기말텀프\source\ProjectLibrary.cpp(7214,266): warning C4244: '인수': 'double'에서 'const GLfloat'(으)로 변환하면서 데이터가 손실될 수 있습니다.
C:\Users\qkrwk\Desktop\opengl\기말텀프\source\ProjectLibrary.cpp(7218,260): warning C4244: '인수': 'double'에서 'const GLfloat'(으)로 변환하면서 데이터가 손실될 수 있습니다.
C:\Users\qkrwk\Desktop\opengl\기말텀프\source\ProjectLibrary.cpp(7219,260): warning C4244: '인수': 'double'에서 'const GLfloat'(으)로 변환하면서 데이터가 손실될 수 있습니다.
C:\Users\qkrwk\Desktop\opengl\기말텀프\source\ProjectLibrary.cpp(7220,260): warning C4244: '인수': 'double'에서 'const GLfloat'(으)로 변환하면서 데이터가 손실될 수 있습니다.
C:\Users\qkrwk\Desktop\opengl\기말텀프\source\ProjectLibrary.cpp(7252,187): warning C4244: '인수': 'double'에서 'const GLfloat'(으)로 변환하면서 데이터가 손실될 수 있습니다.
C:\Users\qkrwk\Desktop\opengl\기말텀프\source\ProjectLibrary.cpp(7253,187): warning C4244: '인수': 'double'에서 'const GLfloat'(으)로 변환하면서 데이터가 손실될 수 있습니다.
C:\Users\qkrwk\Desktop\opengl\기말텀프\source\ProjectLibrary.cpp(7254,187): warning C4244: '인수': 'double'에서 'const GLfloat'(으)로 변환하면서 데이터가 손실될 수 있습니다.
C:\Users\qkrwk\Desktop\opengl\기말텀프\source\ProjectLibrary.cpp(7256,193): warning C4244: '인수': 'double'에서 'const GLfloat'(으)로 변환하면서 데이터가 손실될 수 있습니다.
C:\Users\qkrwk\Desktop\opengl\기말텀프\source\ProjectLibrary.cpp(7257,193): warning C4244: '인수': 'double'에서 'const GLfloat'(으)로 변환하면서 데이터가 손실될 수 있습니다.
C:\Users\qkrwk\Desktop\opengl\기말텀프\source\ProjectLibrary.cpp(7258,193): warning C4244: '인수': 'double'에서 'const GLfloat'(으)로 변환하면서 데이터가 손실될 수 있습니다.
C:\Users\qkrwk\Desktop\opengl\기말텀프\source\ProjectLibrary.cpp(7266,192): warning C4244: '인수': 'double'에서 'const GLfloat'(으)로 변환하면서 데이터가 손실될 수 있습니다.
C:\Users\qkrwk\Desktop\opengl\기말텀프\source\ProjectLibrary.cpp(7267,192): warning C4244: '인수': 'double'에서 'const GLfloat'(으)로 변환하면서 데이터가 손실될 수 있습니다.
C:\Users\qkrwk\Desktop\opengl\기말텀프\source\ProjectLibrary.cpp(7268,192): warning C4244: '인수': 'double'에서 'const GLfloat'(으)로 변환하면서 데이터가 손실될 수 있습니다.
C:\Users\qkrwk\Desktop\opengl\기말텀프\source\ProjectLibrary.cpp(7273,186): warning C4244: '인수': 'double'에서 'const GLfloat'(으)로 변환하면서 데이터가 손실될 수 있습니다.
C:\Users\qkrwk\Desktop\opengl\기말텀프\source\ProjectLibrary.cpp(7274,186): warning C4244: '인수': 'double'에서 'const GLfloat'(으)로 변환하면서 데이터가 손실될 수 있습니다.
C:\Users\qkrwk\Desktop\opengl\기말텀프\source\ProjectLibrary.cpp(7275,186): warning C4244: '인수': 'double'에서 'const GLfloat'(으)로 변환하면서 데이터가 손실될 수 있습니다.
C:\Users\qkrwk\Desktop\opengl\기말텀프\source\ProjectLibrary.cpp(7550,21): warning C4018: '<': signed 또는 unsigned가 일치하지 않습니다.
C:\Users\qkrwk\Desktop\opengl\기말텀프\source\ProjectLibrary.cpp(7654,22): warning C4018: '<': signed 또는 unsigned가 일치하지 않습니다.
C:\Users\qkrwk\Desktop\opengl\기말텀프\source\ProjectLibrary.cpp(7695,22): warning C4018: '<': signed 또는 unsigned가 일치하지 않습니다.
C:\Users\qkrwk\Desktop\opengl\기말텀프\source\ProjectLibrary.cpp(7741,22): warning C4018: '<': signed 또는 unsigned가 일치하지 않습니다.
C:\Users\qkrwk\Desktop\opengl\기말텀프\source\ProjectLibrary.cpp(7879,65): warning C4244: '인수': 'GLdouble'에서 'GLfloat'(으)로 변환하면서 데이터가 손실될 수 있습니다.
C:\Users\qkrwk\Desktop\opengl\기말텀프\source\ProjectLibrary.cpp(7878,65): warning C4244: '인수': 'GLdouble'에서 'GLfloat'(으)로 변환하면서 데이터가 손실될 수 있습니다.
C:\Users\qkrwk\Desktop\opengl\기말텀프\source\ProjectLibrary.cpp(7877,65): warning C4244: '인수': 'GLdouble'에서 'GLfloat'(으)로 변환하면서 데이터가 손실될 수 있습니다.
C:\Users\qkrwk\Desktop\opengl\기말텀프\source\ProjectLibrary.cpp(7973,22): warning C4018: '<': signed 또는 unsigned가 일치하지 않습니다.
C:\Users\qkrwk\Desktop\opengl\기말텀프\source\ProjectLibrary.cpp(8000,22): warning C4018: '<': signed 또는 unsigned가 일치하지 않습니다.
C:\Users\qkrwk\Desktop\opengl\기말텀프\source\ProjectLibrary.cpp(8053,21): warning C4018: '<': signed 또는 unsigned가 일치하지 않습니다.
C:\Users\qkrwk\Desktop\opengl\기말텀프\source\ProjectLibrary.cpp(8151,26): warning C4305: '인수': 'double'에서 'GLfloat'(으)로 잘립니다.
C:\Users\qkrwk\Desktop\opengl\기말텀프\source\ProjectLibrary.cpp(8174,44): warning C4244: '+=': 'double'에서 'GLfloat'(으)로 변환하면서 데이터가 손실될 수 있습니다.
C:\Users\qkrwk\Desktop\opengl\기말텀프\source\ProjectLibrary.cpp(8175,44): warning C4244: '+=': 'double'에서 'GLfloat'(으)로 변환하면서 데이터가 손실될 수 있습니다.
C:\Users\qkrwk\Desktop\opengl\기말텀프\source\ProjectLibrary.cpp(8176,44): warning C4244: '+=': 'double'에서 'GLfloat'(으)로 변환하면서 데이터가 손실될 수 있습니다.
C:\Users\qkrwk\Desktop\opengl\기말텀프\source\ProjectLibrary.cpp(8182,44): warning C4244: '-=': 'double'에서 'GLfloat'(으)로 변환하면서 데이터가 손실될 수 있습니다.
C:\Users\qkrwk\Desktop\opengl\기말텀프\source\ProjectLibrary.cpp(8183,44): warning C4244: '-=': 'double'에서 'GLfloat'(으)로 변환하면서 데이터가 손실될 수 있습니다.
C:\Users\qkrwk\Desktop\opengl\기말텀프\source\ProjectLibrary.cpp(8184,44): warning C4244: '-=': 'double'에서 'GLfloat'(으)로 변환하면서 데이터가 손실될 수 있습니다.
C:\Users\qkrwk\Desktop\opengl\기말텀프\source\ProjectLibrary.cpp(8340,32): warning C4244: '인수': 'double'에서 'GLfloat'(으)로 변환하면서 데이터가 손실될 수 있습니다.
C:\Users\qkrwk\Desktop\opengl\기말텀프\source\ProjectLibrary.cpp(8402,32): warning C4244: '인수': 'double'에서 'GLfloat'(으)로 변환하면서 데이터가 손실될 수 있습니다.
C:\Users\qkrwk\Desktop\opengl\기말텀프\source\ProjectLibrary.cpp(8461,32): warning C4244: '인수': 'double'에서 'GLfloat'(으)로 변환하면서 데이터가 손실될 수 있습니다.
C:\Users\qkrwk\Desktop\opengl\기말텀프\source\ProjectLibrary.cpp(8521,32): warning C4244: '인수': 'double'에서 'GLfloat'(으)로 변환하면서 데이터가 손실될 수 있습니다.
C:\Users\qkrwk\Desktop\opengl\기말텀프\source\ProjectLibrary.cpp(8582,32): warning C4244: '인수': 'double'에서 'GLfloat'(으)로 변환하면서 데이터가 손실될 수 있습니다.
C:\Users\qkrwk\Desktop\opengl\기말텀프\source\ProjectLibrary.cpp(8645,32): warning C4244: '인수': 'double'에서 'GLfloat'(으)로 변환하면서 데이터가 손실될 수 있습니다.
  코드를 생성하고 있습니다.
  456 of 466 functions (97.9%) were compiled, the rest were copied from previous compilation.
    49 functions were new in current compilation
    1 functions had inline decision re-evaluated but remain unchanged
  코드를 생성했습니다.
  ComgTermProject.vcxproj -> C:\Users\qkrwk\Desktop\opengl\기말텀프\Release\ComgTermProject.exe
